2019-03-01 00:34:12.047 [main] INFO  cn.cumtmaker.maker.MakerApplication - Starting MakerApplication on DESKTOP-UM8HVBV with PID 15136 (C:\Users\hasee\Desktop\maker2\backend\maker\out\production\classes started by hasee in C:\Users\hasee\Desktop\maker2\backend\maker)
2019-03-01 00:34:12.057 [main] INFO  cn.cumtmaker.maker.MakerApplication - No active profile set, falling back to default profiles: default
2019-03-01 00:34:13.672 [main] INFO  o.s.c.s.PostProcessorRegistrationDelegate$BeanPostProcessorChecker - Bean 'org.springframework.transaction.annotation.ProxyTransactionManagementConfiguration' of type [org.springframework.transaction.annotation.ProxyTransactionManagementConfiguration$$EnhancerBySpringCGLIB$$2a09aa5a] is not eligible for getting processed by all BeanPostProcessors (for example: not eligible for auto-proxying)
2019-03-01 00:34:14.240 [main] INFO  o.s.boot.web.embedded.tomcat.TomcatWebServer - Tomcat initialized with port(s): 8090 (http)
2019-03-01 00:34:14.257 [main] INFO  org.apache.coyote.http11.Http11NioProtocol - Initializing ProtocolHandler ["http-nio-8090"]
2019-03-01 00:34:14.269 [main] INFO  org.apache.catalina.core.StandardService - Starting service [Tomcat]
2019-03-01 00:34:14.270 [main] INFO  org.apache.catalina.core.StandardEngine - Starting Servlet Engine: Apache Tomcat/9.0.13
2019-03-01 00:34:14.278 [main] INFO  org.apache.catalina.core.AprLifecycleListener - The APR based Apache Tomcat Native library which allows optimal performance in production environments was not found on the java.library.path: [C:\Program Files\Java\jdk1.8.0_91\bin;C:\WINDOWS\Sun\Java\bin;C:\WINDOWS\system32;C:\WINDOWS;C:\ProgramData\Oracle\Java\javapath;C:\Program Files (x86)\Intel\iCLS Client\;C:\Program Files\Intel\iCLS Client\;C:\Windows\system32;C:\Windows;C:\Windows\System32\Wbem;C:\Windows\System32\WindowsPowerShell\v1.0\;C:\Program Files (x86)\Intel\Intel(R) Management Engine Components\DAL;C:\Program Files\Intel\Intel(R) Management Engine Components\DAL;C:\Program Files (x86)\Intel\Intel(R) Management Engine Components\IPT;C:\Program Files\Intel\Intel(R) Management Engine Components\IPT;C:\Program Files (x86)\NVIDIA Corporation\PhysX\Common;C:\Program Files\Intel\WiFi\bin\;C:\Program Files\Common Files\Intel\WirelessCommon\;C:\WINDOWS\system32;C:\WINDOWS;C:\WINDOWS\System32\Wbem;C:\WINDOWS\System32\WindowsPowerShell\v1.0\;C:\WINDOWS\System32\OpenSSH\;C:\Program Files\MySQL\MySQL Utilities 1.6\;E:\gradle-4.10\bin;E:\apache-maven-3.5.4\bin;E:\node;C:\Program Files\Java\jdk1.8.0_91\bin;C:\Program Files\Java\jdk1.8.0_91\jre\bin;D:\python;"C:\Program Files\Apache Software Foundation\Tomcat 9.0_Tomcat9.0\lib;C:\Program Files\Apache Software Foundation\Tomcat 9.0_Tomcat9.0\bin";C:\Program Files\MongoDB\Server\4.1\bin;E:\Git\cmd;C:\Program Files\Intel\WiFi\bin\;C:\Program Files\Common Files\Intel\WirelessCommon\;C:\Users\hasee\AppData\Local\Microsoft\WindowsApps;E:\Microsoft VS Code\bin;C:\Users\hasee\AppData\Roaming\npm;C:\Users\hasee\AppData\Local\GitHubDesktop\bin;.]
2019-03-01 00:34:14.439 [main] INFO  o.a.c.core.ContainerBase.[Tomcat].[localhost].[/] - Initializing Spring embedded WebApplicationContext
2019-03-01 00:34:14.440 [main] INFO  org.springframework.web.context.ContextLoader - Root WebApplicationContext: initialization completed in 2260 ms
2019-03-01 00:34:16.063 [main] INFO  o.s.scheduling.concurrent.ThreadPoolTaskExecutor - Initializing ExecutorService 'applicationTaskExecutor'
2019-03-01 00:34:16.247 [main] INFO  o.s.b.a.web.servlet.WelcomePageHandlerMapping - Adding welcome page: class path resource [static/index.html]
2019-03-01 00:34:16.560 [main] INFO  o.s.security.web.DefaultSecurityFilterChain - Creating filter chain: any request, [org.springframework.security.web.context.request.async.WebAsyncManagerIntegrationFilter@4b691611, org.springframework.security.web.context.SecurityContextPersistenceFilter@5f935d49, org.springframework.security.web.header.HeaderWriterFilter@595fed99, org.springframework.security.web.authentication.logout.LogoutFilter@1f39269d, cn.cumtmaker.maker.filter.ValidateCodeFilter@395a573c, org.springframework.security.web.authentication.UsernamePasswordAuthenticationFilter@6e321d9d, org.springframework.security.web.authentication.ui.DefaultLoginPageGeneratingFilter@41ece227, org.springframework.security.web.authentication.ui.DefaultLogoutPageGeneratingFilter@379f9555, cn.cumtmaker.maker.filter.JWTAuthenticationFilter@7e3ee128, org.springframework.security.web.savedrequest.RequestCacheAwareFilter@3dc46f24, org.springframework.security.web.servletapi.SecurityContextHolderAwareRequestFilter@4597e6e3, org.springframework.security.web.authentication.AnonymousAuthenticationFilter@7d64a960, org.springframework.security.web.session.SessionManagementFilter@ff03361, org.springframework.security.web.access.ExceptionTranslationFilter@153cfd86, org.springframework.security.web.access.intercept.FilterSecurityInterceptor@73b74615]
2019-03-01 00:34:16.626 [main] INFO  s.d.s.web.plugins.DocumentationPluginsBootstrapper - Context refreshed
2019-03-01 00:34:16.649 [main] INFO  s.d.s.web.plugins.DocumentationPluginsBootstrapper - Found 1 custom documentation plugin(s)
2019-03-01 00:34:16.670 [main] INFO  s.d.spring.web.scanners.ApiListingReferenceScanner - Scanning for api listing references
2019-03-01 00:34:17.068 [main] INFO  s.d.s.w.r.operation.CachingOperationNameGenerator - Generating unique operation named: insertOrderUsingPOST_1
2019-03-01 00:34:17.111 [main] INFO  s.d.s.w.r.operation.CachingOperationNameGenerator - Generating unique operation named: getAllUsingGET_1
2019-03-01 00:34:17.119 [main] INFO  s.d.s.w.r.operation.CachingOperationNameGenerator - Generating unique operation named: getAllUsingGET_2
2019-03-01 00:34:17.176 [main] INFO  s.d.s.w.r.operation.CachingOperationNameGenerator - Generating unique operation named: resetPasswordUsingPOST_1
2019-03-01 00:34:17.182 [main] INFO  s.d.s.w.r.operation.CachingOperationNameGenerator - Generating unique operation named: setMakerSignUpInfoUsingPOST_1
2019-03-01 00:34:17.185 [main] INFO  s.d.s.w.r.operation.CachingOperationNameGenerator - Generating unique operation named: setUserSignUpInfoUsingPOST_1
2019-03-01 00:34:17.189 [main] INFO  s.d.s.w.r.operation.CachingOperationNameGenerator - Generating unique operation named: signUpUsingPOST_1
2019-03-01 00:34:17.192 [main] INFO  s.d.s.w.r.operation.CachingOperationNameGenerator - Generating unique operation named: updateUserInfoUsingPOST_1
2019-03-01 00:34:17.222 [main] INFO  org.apache.coyote.http11.Http11NioProtocol - Starting ProtocolHandler ["http-nio-8090"]
2019-03-01 00:34:17.236 [main] INFO  org.apache.tomcat.util.net.NioSelectorPool - Using a shared selector for servlet write/read
2019-03-01 00:34:17.259 [main] INFO  o.s.boot.web.embedded.tomcat.TomcatWebServer - Tomcat started on port(s): 8090 (http) with context path ''
2019-03-01 00:34:17.265 [main] INFO  cn.cumtmaker.maker.MakerApplication - Started MakerApplication in 6.035 seconds (JVM running for 7.649)
2019-03-01 00:35:20.782 [http-nio-8090-exec-1] INFO  o.a.c.core.ContainerBase.[Tomcat].[localhost].[/] - Initializing Spring DispatcherServlet 'dispatcherServlet'
2019-03-01 00:35:20.783 [http-nio-8090-exec-1] INFO  org.springframework.web.servlet.DispatcherServlet - Initializing Servlet 'dispatcherServlet'
2019-03-01 00:35:20.794 [http-nio-8090-exec-1] INFO  org.springframework.web.servlet.DispatcherServlet - Completed initialization in 11 ms
2019-03-01 00:35:21.579 [http-nio-8090-exec-1] INFO  cn.cumtmaker.maker.listener.OnLineCount - 【在线人数增加,人数:1】
2019-03-01 00:35:21.579 [http-nio-8090-exec-2] INFO  cn.cumtmaker.maker.listener.OnLineCount - 【在线人数增加,人数:2】
2019-03-01 00:35:21.672 [http-nio-8090-exec-1] INFO  com.zaxxer.hikari.HikariDataSource - HikariPool-1 - Starting...
2019-03-01 00:35:21.914 [http-nio-8090-exec-1] INFO  com.zaxxer.hikari.HikariDataSource - HikariPool-1 - Start completed.
2019-03-01 00:36:32.377 [main] INFO  cn.cumtmaker.maker.MakerApplication - Starting MakerApplication on DESKTOP-UM8HVBV with PID 3856 (C:\Users\hasee\Desktop\maker2\backend\maker\out\production\classes started by hasee in C:\Users\hasee\Desktop\maker2\backend\maker)
2019-03-01 00:36:32.381 [main] INFO  cn.cumtmaker.maker.MakerApplication - No active profile set, falling back to default profiles: default
2019-03-01 00:36:33.901 [main] INFO  o.s.c.s.PostProcessorRegistrationDelegate$BeanPostProcessorChecker - Bean 'org.springframework.transaction.annotation.ProxyTransactionManagementConfiguration' of type [org.springframework.transaction.annotation.ProxyTransactionManagementConfiguration$$EnhancerBySpringCGLIB$$fb545416] is not eligible for getting processed by all BeanPostProcessors (for example: not eligible for auto-proxying)
2019-03-01 00:36:34.275 [main] INFO  o.s.boot.web.embedded.tomcat.TomcatWebServer - Tomcat initialized with port(s): 8090 (http)
2019-03-01 00:36:34.291 [main] INFO  org.apache.coyote.http11.Http11NioProtocol - Initializing ProtocolHandler ["http-nio-8090"]
2019-03-01 00:36:34.307 [main] INFO  org.apache.catalina.core.StandardService - Starting service [Tomcat]
2019-03-01 00:36:34.307 [main] INFO  org.apache.catalina.core.StandardEngine - Starting Servlet Engine: Apache Tomcat/9.0.13
2019-03-01 00:36:34.318 [main] INFO  org.apache.catalina.core.AprLifecycleListener - The APR based Apache Tomcat Native library which allows optimal performance in production environments was not found on the java.library.path: [C:\Program Files\Java\jdk1.8.0_91\bin;C:\WINDOWS\Sun\Java\bin;C:\WINDOWS\system32;C:\WINDOWS;C:\ProgramData\Oracle\Java\javapath;C:\Program Files (x86)\Intel\iCLS Client\;C:\Program Files\Intel\iCLS Client\;C:\Windows\system32;C:\Windows;C:\Windows\System32\Wbem;C:\Windows\System32\WindowsPowerShell\v1.0\;C:\Program Files (x86)\Intel\Intel(R) Management Engine Components\DAL;C:\Program Files\Intel\Intel(R) Management Engine Components\DAL;C:\Program Files (x86)\Intel\Intel(R) Management Engine Components\IPT;C:\Program Files\Intel\Intel(R) Management Engine Components\IPT;C:\Program Files (x86)\NVIDIA Corporation\PhysX\Common;C:\Program Files\Intel\WiFi\bin\;C:\Program Files\Common Files\Intel\WirelessCommon\;C:\WINDOWS\system32;C:\WINDOWS;C:\WINDOWS\System32\Wbem;C:\WINDOWS\System32\WindowsPowerShell\v1.0\;C:\WINDOWS\System32\OpenSSH\;C:\Program Files\MySQL\MySQL Utilities 1.6\;E:\gradle-4.10\bin;E:\apache-maven-3.5.4\bin;E:\node;C:\Program Files\Java\jdk1.8.0_91\bin;C:\Program Files\Java\jdk1.8.0_91\jre\bin;D:\python;"C:\Program Files\Apache Software Foundation\Tomcat 9.0_Tomcat9.0\lib;C:\Program Files\Apache Software Foundation\Tomcat 9.0_Tomcat9.0\bin";C:\Program Files\MongoDB\Server\4.1\bin;E:\Git\cmd;C:\Program Files\Intel\WiFi\bin\;C:\Program Files\Common Files\Intel\WirelessCommon\;C:\Users\hasee\AppData\Local\Microsoft\WindowsApps;E:\Microsoft VS Code\bin;C:\Users\hasee\AppData\Roaming\npm;C:\Users\hasee\AppData\Local\GitHubDesktop\bin;.]
2019-03-01 00:36:34.570 [main] INFO  o.a.c.core.ContainerBase.[Tomcat].[localhost].[/] - Initializing Spring embedded WebApplicationContext
2019-03-01 00:36:34.571 [main] INFO  org.springframework.web.context.ContextLoader - Root WebApplicationContext: initialization completed in 2098 ms
2019-03-01 00:36:36.076 [main] INFO  o.s.scheduling.concurrent.ThreadPoolTaskExecutor - Initializing ExecutorService 'applicationTaskExecutor'
2019-03-01 00:36:36.199 [main] INFO  o.s.b.a.web.servlet.WelcomePageHandlerMapping - Adding welcome page: class path resource [static/index.html]
2019-03-01 00:36:36.430 [main] INFO  o.s.security.web.DefaultSecurityFilterChain - Creating filter chain: any request, [org.springframework.security.web.context.request.async.WebAsyncManagerIntegrationFilter@2712e8f4, org.springframework.security.web.context.SecurityContextPersistenceFilter@30cafd13, org.springframework.security.web.header.HeaderWriterFilter@6cceb281, org.springframework.security.web.authentication.logout.LogoutFilter@58e03769, cn.cumtmaker.maker.filter.ValidateCodeFilter@5896cb9c, org.springframework.security.web.authentication.UsernamePasswordAuthenticationFilter@5a899811, org.springframework.security.web.authentication.ui.DefaultLoginPageGeneratingFilter@5df92089, org.springframework.security.web.authentication.ui.DefaultLogoutPageGeneratingFilter@44b9c7c4, cn.cumtmaker.maker.filter.JWTAuthenticationFilter@674184d, org.springframework.security.web.savedrequest.RequestCacheAwareFilter@1d944fc0, org.springframework.security.web.servletapi.SecurityContextHolderAwareRequestFilter@994544, org.springframework.security.web.authentication.AnonymousAuthenticationFilter@3611153f, org.springframework.security.web.session.SessionManagementFilter@619c3546, org.springframework.security.web.access.ExceptionTranslationFilter@7f8c48f3, org.springframework.security.web.access.intercept.FilterSecurityInterceptor@47eaf55c]
2019-03-01 00:36:36.498 [main] INFO  s.d.s.web.plugins.DocumentationPluginsBootstrapper - Context refreshed
2019-03-01 00:36:36.517 [main] INFO  s.d.s.web.plugins.DocumentationPluginsBootstrapper - Found 1 custom documentation plugin(s)
2019-03-01 00:36:36.536 [main] INFO  s.d.spring.web.scanners.ApiListingReferenceScanner - Scanning for api listing references
2019-03-01 00:36:36.915 [main] INFO  s.d.s.w.r.operation.CachingOperationNameGenerator - Generating unique operation named: insertOrderUsingPOST_1
2019-03-01 00:36:36.954 [main] INFO  s.d.s.w.r.operation.CachingOperationNameGenerator - Generating unique operation named: getAllUsingGET_1
2019-03-01 00:36:36.961 [main] INFO  s.d.s.w.r.operation.CachingOperationNameGenerator - Generating unique operation named: getAllUsingGET_2
2019-03-01 00:36:37.023 [main] INFO  s.d.s.w.r.operation.CachingOperationNameGenerator - Generating unique operation named: resetPasswordUsingPOST_1
2019-03-01 00:36:37.031 [main] INFO  s.d.s.w.r.operation.CachingOperationNameGenerator - Generating unique operation named: setMakerSignUpInfoUsingPOST_1
2019-03-01 00:36:37.034 [main] INFO  s.d.s.w.r.operation.CachingOperationNameGenerator - Generating unique operation named: setUserSignUpInfoUsingPOST_1
2019-03-01 00:36:37.037 [main] INFO  s.d.s.w.r.operation.CachingOperationNameGenerator - Generating unique operation named: signUpUsingPOST_1
2019-03-01 00:36:37.040 [main] INFO  s.d.s.w.r.operation.CachingOperationNameGenerator - Generating unique operation named: updateUserInfoUsingPOST_1
2019-03-01 00:36:37.066 [main] INFO  org.apache.coyote.http11.Http11NioProtocol - Starting ProtocolHandler ["http-nio-8090"]
2019-03-01 00:36:37.079 [main] INFO  org.apache.tomcat.util.net.NioSelectorPool - Using a shared selector for servlet write/read
2019-03-01 00:36:37.098 [main] INFO  o.s.boot.web.embedded.tomcat.TomcatWebServer - Tomcat started on port(s): 8090 (http) with context path ''
2019-03-01 00:36:37.101 [main] INFO  cn.cumtmaker.maker.MakerApplication - Started MakerApplication in 5.347 seconds (JVM running for 6.985)
2019-03-01 00:37:11.872 [http-nio-8090-exec-2] INFO  o.a.c.core.ContainerBase.[Tomcat].[localhost].[/] - Initializing Spring DispatcherServlet 'dispatcherServlet'
2019-03-01 00:37:11.872 [http-nio-8090-exec-2] INFO  org.springframework.web.servlet.DispatcherServlet - Initializing Servlet 'dispatcherServlet'
2019-03-01 00:37:11.881 [http-nio-8090-exec-2] INFO  org.springframework.web.servlet.DispatcherServlet - Completed initialization in 9 ms
2019-03-01 00:37:11.930 [http-nio-8090-exec-2] INFO  cn.cumtmaker.maker.listener.OnLineCount - 【在线人数增加,人数:1】
2019-03-01 00:37:11.946 [http-nio-8090-exec-1] INFO  c.c.m.s.a.authenticationFailureHandler - 用户登录失败或验证码校验出错
2019-03-01 00:37:11.986 [http-nio-8090-exec-3] INFO  c.c.m.s.a.authenticationFailureHandler - 用户登录失败或验证码校验出错
2019-03-01 00:37:13.842 [http-nio-8090-exec-6] INFO  c.c.m.s.a.authenticationFailureHandler - 用户登录失败或验证码校验出错
2019-03-01 00:37:13.865 [http-nio-8090-exec-8] INFO  c.c.m.s.a.authenticationFailureHandler - 用户登录失败或验证码校验出错
2019-03-01 00:37:15.507 [http-nio-8090-exec-9] INFO  c.c.m.s.a.authenticationFailureHandler - 用户登录失败或验证码校验出错
2019-03-01 00:37:15.528 [http-nio-8090-exec-2] INFO  c.c.m.s.a.authenticationFailureHandler - 用户登录失败或验证码校验出错
2019-03-01 00:37:16.066 [http-nio-8090-exec-1] INFO  c.c.m.s.a.authenticationFailureHandler - 用户登录失败或验证码校验出错
2019-03-01 00:37:16.084 [http-nio-8090-exec-3] INFO  c.c.m.s.a.authenticationFailureHandler - 用户登录失败或验证码校验出错
2019-03-01 00:37:26.818 [http-nio-8090-exec-7] INFO  c.c.m.s.a.authenticationFailureHandler - 用户登录失败或验证码校验出错
2019-03-01 00:37:26.842 [http-nio-8090-exec-9] INFO  c.c.m.s.a.authenticationFailureHandler - 用户登录失败或验证码校验出错
2019-03-01 00:38:00.507 [main] INFO  cn.cumtmaker.maker.MakerApplication - Starting MakerApplication on DESKTOP-UM8HVBV with PID 1212 (C:\Users\hasee\Desktop\maker2\backend\maker\out\production\classes started by hasee in C:\Users\hasee\Desktop\maker2\backend\maker)
2019-03-01 00:38:00.512 [main] INFO  cn.cumtmaker.maker.MakerApplication - No active profile set, falling back to default profiles: default
2019-03-01 00:38:02.079 [main] INFO  o.s.c.s.PostProcessorRegistrationDelegate$BeanPostProcessorChecker - Bean 'org.springframework.transaction.annotation.ProxyTransactionManagementConfiguration' of type [org.springframework.transaction.annotation.ProxyTransactionManagementConfiguration$$EnhancerBySpringCGLIB$$fb208d09] is not eligible for getting processed by all BeanPostProcessors (for example: not eligible for auto-proxying)
2019-03-01 00:38:02.451 [main] INFO  o.s.boot.web.embedded.tomcat.TomcatWebServer - Tomcat initialized with port(s): 8090 (http)
2019-03-01 00:38:02.465 [main] INFO  org.apache.coyote.http11.Http11NioProtocol - Initializing ProtocolHandler ["http-nio-8090"]
2019-03-01 00:38:02.474 [main] INFO  org.apache.catalina.core.StandardService - Starting service [Tomcat]
2019-03-01 00:38:02.474 [main] INFO  org.apache.catalina.core.StandardEngine - Starting Servlet Engine: Apache Tomcat/9.0.13
2019-03-01 00:38:02.480 [main] INFO  org.apache.catalina.core.AprLifecycleListener - The APR based Apache Tomcat Native library which allows optimal performance in production environments was not found on the java.library.path: [C:\Program Files\Java\jdk1.8.0_91\bin;C:\WINDOWS\Sun\Java\bin;C:\WINDOWS\system32;C:\WINDOWS;C:\ProgramData\Oracle\Java\javapath;C:\Program Files (x86)\Intel\iCLS Client\;C:\Program Files\Intel\iCLS Client\;C:\Windows\system32;C:\Windows;C:\Windows\System32\Wbem;C:\Windows\System32\WindowsPowerShell\v1.0\;C:\Program Files (x86)\Intel\Intel(R) Management Engine Components\DAL;C:\Program Files\Intel\Intel(R) Management Engine Components\DAL;C:\Program Files (x86)\Intel\Intel(R) Management Engine Components\IPT;C:\Program Files\Intel\Intel(R) Management Engine Components\IPT;C:\Program Files (x86)\NVIDIA Corporation\PhysX\Common;C:\Program Files\Intel\WiFi\bin\;C:\Program Files\Common Files\Intel\WirelessCommon\;C:\WINDOWS\system32;C:\WINDOWS;C:\WINDOWS\System32\Wbem;C:\WINDOWS\System32\WindowsPowerShell\v1.0\;C:\WINDOWS\System32\OpenSSH\;C:\Program Files\MySQL\MySQL Utilities 1.6\;E:\gradle-4.10\bin;E:\apache-maven-3.5.4\bin;E:\node;C:\Program Files\Java\jdk1.8.0_91\bin;C:\Program Files\Java\jdk1.8.0_91\jre\bin;D:\python;"C:\Program Files\Apache Software Foundation\Tomcat 9.0_Tomcat9.0\lib;C:\Program Files\Apache Software Foundation\Tomcat 9.0_Tomcat9.0\bin";C:\Program Files\MongoDB\Server\4.1\bin;E:\Git\cmd;C:\Program Files\Intel\WiFi\bin\;C:\Program Files\Common Files\Intel\WirelessCommon\;C:\Users\hasee\AppData\Local\Microsoft\WindowsApps;E:\Microsoft VS Code\bin;C:\Users\hasee\AppData\Roaming\npm;C:\Users\hasee\AppData\Local\GitHubDesktop\bin;.]
2019-03-01 00:38:02.603 [main] INFO  o.a.c.core.ContainerBase.[Tomcat].[localhost].[/] - Initializing Spring embedded WebApplicationContext
2019-03-01 00:38:02.603 [main] INFO  org.springframework.web.context.ContextLoader - Root WebApplicationContext: initialization completed in 1962 ms
2019-03-01 00:38:04.002 [main] INFO  o.s.scheduling.concurrent.ThreadPoolTaskExecutor - Initializing ExecutorService 'applicationTaskExecutor'
2019-03-01 00:38:04.257 [main] INFO  o.s.b.a.web.servlet.WelcomePageHandlerMapping - Adding welcome page: class path resource [static/index.html]
2019-03-01 00:38:04.561 [main] INFO  o.s.security.web.DefaultSecurityFilterChain - Creating filter chain: any request, [org.springframework.security.web.context.request.async.WebAsyncManagerIntegrationFilter@16ea0f22, org.springframework.security.web.context.SecurityContextPersistenceFilter@3a3ad8e7, org.springframework.security.web.header.HeaderWriterFilter@2ae5bd34, org.springframework.security.web.authentication.logout.LogoutFilter@56835f2f, cn.cumtmaker.maker.filter.ValidateCodeFilter@60fc7f43, org.springframework.security.web.authentication.UsernamePasswordAuthenticationFilter@40f1aa95, org.springframework.security.web.authentication.ui.DefaultLoginPageGeneratingFilter@211a9647, org.springframework.security.web.authentication.ui.DefaultLogoutPageGeneratingFilter@16e195cf, cn.cumtmaker.maker.filter.JWTAuthenticationFilter@3212d853, org.springframework.security.web.savedrequest.RequestCacheAwareFilter@64b73e0a, org.springframework.security.web.servletapi.SecurityContextHolderAwareRequestFilter@56c42964, org.springframework.security.web.authentication.AnonymousAuthenticationFilter@74c7522c, org.springframework.security.web.session.SessionManagementFilter@3a16984c, org.springframework.security.web.access.ExceptionTranslationFilter@4c6bba7d, org.springframework.security.web.access.intercept.FilterSecurityInterceptor@3b021664]
2019-03-01 00:38:04.629 [main] INFO  s.d.s.web.plugins.DocumentationPluginsBootstrapper - Context refreshed
2019-03-01 00:38:04.648 [main] INFO  s.d.s.web.plugins.DocumentationPluginsBootstrapper - Found 1 custom documentation plugin(s)
2019-03-01 00:38:04.667 [main] INFO  s.d.spring.web.scanners.ApiListingReferenceScanner - Scanning for api listing references
2019-03-01 00:38:05.047 [main] INFO  s.d.s.w.r.operation.CachingOperationNameGenerator - Generating unique operation named: insertOrderUsingPOST_1
2019-03-01 00:38:05.084 [main] INFO  s.d.s.w.r.operation.CachingOperationNameGenerator - Generating unique operation named: getAllUsingGET_1
2019-03-01 00:38:05.088 [main] INFO  s.d.s.w.r.operation.CachingOperationNameGenerator - Generating unique operation named: getAllUsingGET_2
2019-03-01 00:38:05.147 [main] INFO  s.d.s.w.r.operation.CachingOperationNameGenerator - Generating unique operation named: resetPasswordUsingPOST_1
2019-03-01 00:38:05.154 [main] INFO  s.d.s.w.r.operation.CachingOperationNameGenerator - Generating unique operation named: setMakerSignUpInfoUsingPOST_1
2019-03-01 00:38:05.157 [main] INFO  s.d.s.w.r.operation.CachingOperationNameGenerator - Generating unique operation named: setUserSignUpInfoUsingPOST_1
2019-03-01 00:38:05.160 [main] INFO  s.d.s.w.r.operation.CachingOperationNameGenerator - Generating unique operation named: signUpUsingPOST_1
2019-03-01 00:38:05.163 [main] INFO  s.d.s.w.r.operation.CachingOperationNameGenerator - Generating unique operation named: updateUserInfoUsingPOST_1
2019-03-01 00:38:05.189 [main] INFO  org.apache.coyote.http11.Http11NioProtocol - Starting ProtocolHandler ["http-nio-8090"]
2019-03-01 00:38:05.202 [main] INFO  org.apache.tomcat.util.net.NioSelectorPool - Using a shared selector for servlet write/read
2019-03-01 00:38:05.220 [main] INFO  o.s.boot.web.embedded.tomcat.TomcatWebServer - Tomcat started on port(s): 8090 (http) with context path ''
2019-03-01 00:38:05.224 [main] INFO  cn.cumtmaker.maker.MakerApplication - Started MakerApplication in 5.631 seconds (JVM running for 7.783)
2019-03-01 00:38:11.633 [http-nio-8090-exec-2] INFO  o.a.c.core.ContainerBase.[Tomcat].[localhost].[/] - Initializing Spring DispatcherServlet 'dispatcherServlet'
2019-03-01 00:38:11.633 [http-nio-8090-exec-2] INFO  org.springframework.web.servlet.DispatcherServlet - Initializing Servlet 'dispatcherServlet'
2019-03-01 00:38:11.643 [http-nio-8090-exec-2] INFO  org.springframework.web.servlet.DispatcherServlet - Completed initialization in 10 ms
2019-03-01 00:38:11.688 [http-nio-8090-exec-2] INFO  cn.cumtmaker.maker.listener.OnLineCount - 【在线人数增加,人数:1】
2019-03-01 00:38:11.702 [http-nio-8090-exec-2] INFO  c.c.m.s.a.authenticationFailureHandler - 用户登录失败或验证码校验出错
2019-03-01 00:38:11.738 [http-nio-8090-exec-4] INFO  c.c.m.s.a.authenticationFailureHandler - 用户登录失败或验证码校验出错
2019-03-01 00:38:12.546 [http-nio-8090-exec-3] INFO  c.c.m.s.a.authenticationFailureHandler - 用户登录失败或验证码校验出错
2019-03-01 00:38:12.567 [http-nio-8090-exec-6] INFO  c.c.m.s.a.authenticationFailureHandler - 用户登录失败或验证码校验出错
2019-03-01 00:43:27.116 [main] INFO  cn.cumtmaker.maker.MakerApplication - Starting MakerApplication on DESKTOP-UM8HVBV with PID 10132 (C:\Users\hasee\Desktop\maker2\backend\maker\out\production\classes started by hasee in C:\Users\hasee\Desktop\maker2\backend\maker)
2019-03-01 00:43:27.123 [main] INFO  cn.cumtmaker.maker.MakerApplication - No active profile set, falling back to default profiles: default
2019-03-01 00:43:28.879 [main] INFO  o.s.c.s.PostProcessorRegistrationDelegate$BeanPostProcessorChecker - Bean 'org.springframework.transaction.annotation.ProxyTransactionManagementConfiguration' of type [org.springframework.transaction.annotation.ProxyTransactionManagementConfiguration$$EnhancerBySpringCGLIB$$2add1e28] is not eligible for getting processed by all BeanPostProcessors (for example: not eligible for auto-proxying)
2019-03-01 00:43:29.245 [main] INFO  o.s.boot.web.embedded.tomcat.TomcatWebServer - Tomcat initialized with port(s): 8090 (http)
2019-03-01 00:43:29.259 [main] INFO  org.apache.coyote.http11.Http11NioProtocol - Initializing ProtocolHandler ["http-nio-8090"]
2019-03-01 00:43:29.267 [main] INFO  org.apache.catalina.core.StandardService - Starting service [Tomcat]
2019-03-01 00:43:29.267 [main] INFO  org.apache.catalina.core.StandardEngine - Starting Servlet Engine: Apache Tomcat/9.0.13
2019-03-01 00:43:29.275 [main] INFO  org.apache.catalina.core.AprLifecycleListener - The APR based Apache Tomcat Native library which allows optimal performance in production environments was not found on the java.library.path: [C:\Program Files\Java\jdk1.8.0_91\bin;C:\WINDOWS\Sun\Java\bin;C:\WINDOWS\system32;C:\WINDOWS;C:\ProgramData\Oracle\Java\javapath;C:\Program Files (x86)\Intel\iCLS Client\;C:\Program Files\Intel\iCLS Client\;C:\Windows\system32;C:\Windows;C:\Windows\System32\Wbem;C:\Windows\System32\WindowsPowerShell\v1.0\;C:\Program Files (x86)\Intel\Intel(R) Management Engine Components\DAL;C:\Program Files\Intel\Intel(R) Management Engine Components\DAL;C:\Program Files (x86)\Intel\Intel(R) Management Engine Components\IPT;C:\Program Files\Intel\Intel(R) Management Engine Components\IPT;C:\Program Files (x86)\NVIDIA Corporation\PhysX\Common;C:\Program Files\Intel\WiFi\bin\;C:\Program Files\Common Files\Intel\WirelessCommon\;C:\WINDOWS\system32;C:\WINDOWS;C:\WINDOWS\System32\Wbem;C:\WINDOWS\System32\WindowsPowerShell\v1.0\;C:\WINDOWS\System32\OpenSSH\;C:\Program Files\MySQL\MySQL Utilities 1.6\;E:\gradle-4.10\bin;E:\apache-maven-3.5.4\bin;E:\node;C:\Program Files\Java\jdk1.8.0_91\bin;C:\Program Files\Java\jdk1.8.0_91\jre\bin;D:\python;"C:\Program Files\Apache Software Foundation\Tomcat 9.0_Tomcat9.0\lib;C:\Program Files\Apache Software Foundation\Tomcat 9.0_Tomcat9.0\bin";C:\Program Files\MongoDB\Server\4.1\bin;E:\Git\cmd;C:\Program Files\Intel\WiFi\bin\;C:\Program Files\Common Files\Intel\WirelessCommon\;C:\Users\hasee\AppData\Local\Microsoft\WindowsApps;E:\Microsoft VS Code\bin;C:\Users\hasee\AppData\Roaming\npm;C:\Users\hasee\AppData\Local\GitHubDesktop\bin;.]
2019-03-01 00:43:29.409 [main] INFO  o.a.c.core.ContainerBase.[Tomcat].[localhost].[/] - Initializing Spring embedded WebApplicationContext
2019-03-01 00:43:29.409 [main] INFO  org.springframework.web.context.ContextLoader - Root WebApplicationContext: initialization completed in 2136 ms
2019-03-01 00:43:30.709 [main] INFO  o.s.scheduling.concurrent.ThreadPoolTaskExecutor - Initializing ExecutorService 'applicationTaskExecutor'
2019-03-01 00:43:30.831 [main] INFO  o.s.b.a.web.servlet.WelcomePageHandlerMapping - Adding welcome page: class path resource [static/index.html]
2019-03-01 00:43:31.069 [main] INFO  o.s.security.web.DefaultSecurityFilterChain - Creating filter chain: any request, [org.springframework.security.web.context.request.async.WebAsyncManagerIntegrationFilter@542c65d9, org.springframework.security.web.context.SecurityContextPersistenceFilter@3ea75b05, org.springframework.security.web.header.HeaderWriterFilter@9c0d0bd, org.springframework.security.web.authentication.logout.LogoutFilter@5885e231, cn.cumtmaker.maker.filter.ValidateCodeFilter@cdbe995, org.springframework.security.web.authentication.UsernamePasswordAuthenticationFilter@47eaf55c, org.springframework.security.web.authentication.ui.DefaultLoginPageGeneratingFilter@5bb7a59, org.springframework.security.web.authentication.ui.DefaultLogoutPageGeneratingFilter@7dd45c93, cn.cumtmaker.maker.filter.JWTAuthenticationFilter@374b6e33, org.springframework.security.web.savedrequest.RequestCacheAwareFilter@1da745a2, org.springframework.security.web.servletapi.SecurityContextHolderAwareRequestFilter@13cc31ae, org.springframework.security.web.authentication.AnonymousAuthenticationFilter@7ed7ae, org.springframework.security.web.session.SessionManagementFilter@18e6b72b, org.springframework.security.web.access.ExceptionTranslationFilter@76af34b5, org.springframework.security.web.access.intercept.FilterSecurityInterceptor@192b472d]
2019-03-01 00:43:31.140 [main] INFO  s.d.s.web.plugins.DocumentationPluginsBootstrapper - Context refreshed
2019-03-01 00:43:31.157 [main] INFO  s.d.s.web.plugins.DocumentationPluginsBootstrapper - Found 1 custom documentation plugin(s)
2019-03-01 00:43:31.176 [main] INFO  s.d.spring.web.scanners.ApiListingReferenceScanner - Scanning for api listing references
2019-03-01 00:43:31.598 [main] INFO  s.d.s.w.r.operation.CachingOperationNameGenerator - Generating unique operation named: insertOrderUsingPOST_1
2019-03-01 00:43:31.638 [main] INFO  s.d.s.w.r.operation.CachingOperationNameGenerator - Generating unique operation named: getAllUsingGET_1
2019-03-01 00:43:31.646 [main] INFO  s.d.s.w.r.operation.CachingOperationNameGenerator - Generating unique operation named: getAllUsingGET_2
2019-03-01 00:43:31.707 [main] INFO  s.d.s.w.r.operation.CachingOperationNameGenerator - Generating unique operation named: resetPasswordUsingPOST_1
2019-03-01 00:43:31.712 [main] INFO  s.d.s.w.r.operation.CachingOperationNameGenerator - Generating unique operation named: setMakerSignUpInfoUsingPOST_1
2019-03-01 00:43:31.716 [main] INFO  s.d.s.w.r.operation.CachingOperationNameGenerator - Generating unique operation named: setUserSignUpInfoUsingPOST_1
2019-03-01 00:43:31.718 [main] INFO  s.d.s.w.r.operation.CachingOperationNameGenerator - Generating unique operation named: signUpUsingPOST_1
2019-03-01 00:43:31.722 [main] INFO  s.d.s.w.r.operation.CachingOperationNameGenerator - Generating unique operation named: updateUserInfoUsingPOST_1
2019-03-01 00:43:31.756 [main] INFO  org.apache.coyote.http11.Http11NioProtocol - Starting ProtocolHandler ["http-nio-8090"]
2019-03-01 00:43:31.773 [main] INFO  org.apache.tomcat.util.net.NioSelectorPool - Using a shared selector for servlet write/read
2019-03-01 00:43:31.803 [main] INFO  o.s.boot.web.embedded.tomcat.TomcatWebServer - Tomcat started on port(s): 8090 (http) with context path ''
2019-03-01 00:43:31.813 [main] INFO  cn.cumtmaker.maker.MakerApplication - Started MakerApplication in 5.727 seconds (JVM running for 7.666)
2019-03-01 00:46:40.217 [http-nio-8090-exec-3] INFO  o.a.c.core.ContainerBase.[Tomcat].[localhost].[/] - Initializing Spring DispatcherServlet 'dispatcherServlet'
2019-03-01 00:46:40.218 [http-nio-8090-exec-3] INFO  org.springframework.web.servlet.DispatcherServlet - Initializing Servlet 'dispatcherServlet'
2019-03-01 00:46:40.230 [http-nio-8090-exec-3] INFO  org.springframework.web.servlet.DispatcherServlet - Completed initialization in 11 ms
2019-03-01 00:46:40.863 [http-nio-8090-exec-4] INFO  cn.cumtmaker.maker.listener.OnLineCount - 【在线人数增加,人数:1】
2019-03-01 00:46:40.864 [http-nio-8090-exec-1] INFO  cn.cumtmaker.maker.listener.OnLineCount - 【在线人数增加,人数:2】
2019-03-01 00:46:40.864 [http-nio-8090-exec-2] INFO  cn.cumtmaker.maker.listener.OnLineCount - 【在线人数增加,人数:3】
2019-03-01 00:46:40.864 [http-nio-8090-exec-3] INFO  cn.cumtmaker.maker.listener.OnLineCount - 【在线人数增加,人数:4】
2019-03-01 00:46:40.948 [http-nio-8090-exec-2] INFO  com.zaxxer.hikari.HikariDataSource - HikariPool-1 - Starting...
2019-03-01 00:46:41.207 [http-nio-8090-exec-2] INFO  com.zaxxer.hikari.HikariDataSource - HikariPool-1 - Start completed.
2019-03-01 00:46:41.294 [http-nio-8090-exec-5] INFO  cn.cumtmaker.maker.listener.OnLineCount - 【在线人数增加,人数:5】
2019-03-01 16:55:36.952 [main] INFO  cn.cumtmaker.maker.MakerApplication - Starting MakerApplication on DESKTOP-UM8HVBV with PID 14484 (C:\Users\hasee\Desktop\maker2\backend\maker\out\production\classes started by hasee in C:\Users\hasee\Desktop\maker2\backend\maker)
2019-03-01 16:55:36.959 [main] INFO  cn.cumtmaker.maker.MakerApplication - No active profile set, falling back to default profiles: default
2019-03-01 16:55:39.151 [main] INFO  o.s.c.s.PostProcessorRegistrationDelegate$BeanPostProcessorChecker - Bean 'org.springframework.transaction.annotation.ProxyTransactionManagementConfiguration' of type [org.springframework.transaction.annotation.ProxyTransactionManagementConfiguration$$EnhancerBySpringCGLIB$$4bfac41d] is not eligible for getting processed by all BeanPostProcessors (for example: not eligible for auto-proxying)
2019-03-01 16:55:39.820 [main] INFO  o.s.boot.web.embedded.tomcat.TomcatWebServer - Tomcat initialized with port(s): 8090 (http)
2019-03-01 16:55:39.842 [main] INFO  org.apache.coyote.http11.Http11NioProtocol - Initializing ProtocolHandler ["http-nio-8090"]
2019-03-01 16:55:39.856 [main] INFO  org.apache.catalina.core.StandardService - Starting service [Tomcat]
2019-03-01 16:55:39.856 [main] INFO  org.apache.catalina.core.StandardEngine - Starting Servlet Engine: Apache Tomcat/9.0.13
2019-03-01 16:55:39.867 [main] INFO  org.apache.catalina.core.AprLifecycleListener - The APR based Apache Tomcat Native library which allows optimal performance in production environments was not found on the java.library.path: [C:\Program Files\Java\jdk1.8.0_91\bin;C:\WINDOWS\Sun\Java\bin;C:\WINDOWS\system32;C:\WINDOWS;C:\ProgramData\Oracle\Java\javapath;C:\Program Files (x86)\Intel\iCLS Client\;C:\Program Files\Intel\iCLS Client\;C:\Windows\system32;C:\Windows;C:\Windows\System32\Wbem;C:\Windows\System32\WindowsPowerShell\v1.0\;C:\Program Files (x86)\Intel\Intel(R) Management Engine Components\DAL;C:\Program Files\Intel\Intel(R) Management Engine Components\DAL;C:\Program Files (x86)\Intel\Intel(R) Management Engine Components\IPT;C:\Program Files\Intel\Intel(R) Management Engine Components\IPT;C:\Program Files (x86)\NVIDIA Corporation\PhysX\Common;C:\Program Files\Intel\WiFi\bin\;C:\Program Files\Common Files\Intel\WirelessCommon\;C:\WINDOWS\system32;C:\WINDOWS;C:\WINDOWS\System32\Wbem;C:\WINDOWS\System32\WindowsPowerShell\v1.0\;C:\WINDOWS\System32\OpenSSH\;C:\Program Files\MySQL\MySQL Utilities 1.6\;E:\gradle-4.10\bin;E:\apache-maven-3.5.4\bin;E:\node;C:\Program Files\Java\jdk1.8.0_91\bin;C:\Program Files\Java\jdk1.8.0_91\jre\bin;D:\python;"C:\Program Files\Apache Software Foundation\Tomcat 9.0_Tomcat9.0\lib;C:\Program Files\Apache Software Foundation\Tomcat 9.0_Tomcat9.0\bin";C:\Program Files\MongoDB\Server\4.1\bin;E:\Git\cmd;C:\Program Files\Intel\WiFi\bin\;C:\Program Files\Common Files\Intel\WirelessCommon\;C:\Users\hasee\AppData\Local\Microsoft\WindowsApps;E:\Microsoft VS Code\bin;C:\Users\hasee\AppData\Roaming\npm;C:\Users\hasee\AppData\Local\GitHubDesktop\bin;.]
2019-03-01 16:55:40.041 [main] INFO  o.a.c.core.ContainerBase.[Tomcat].[localhost].[/] - Initializing Spring embedded WebApplicationContext
2019-03-01 16:55:40.041 [main] INFO  org.springframework.web.context.ContextLoader - Root WebApplicationContext: initialization completed in 2911 ms
2019-03-01 16:55:41.848 [main] INFO  o.s.scheduling.concurrent.ThreadPoolTaskExecutor - Initializing ExecutorService 'applicationTaskExecutor'
2019-03-01 16:55:42.086 [main] INFO  o.s.b.a.web.servlet.WelcomePageHandlerMapping - Adding welcome page: class path resource [static/index.html]
2019-03-01 16:55:42.551 [main] INFO  o.s.security.web.DefaultSecurityFilterChain - Creating filter chain: any request, [org.springframework.security.web.context.request.async.WebAsyncManagerIntegrationFilter@3cd46491, org.springframework.security.web.context.SecurityContextPersistenceFilter@e972ee1, org.springframework.security.web.header.HeaderWriterFilter@6d7b2319, org.springframework.security.web.authentication.logout.LogoutFilter@994544, cn.cumtmaker.maker.filter.ValidateCodeFilter@27d98bef, org.springframework.security.web.authentication.UsernamePasswordAuthenticationFilter@5df92089, org.springframework.security.web.authentication.ui.DefaultLoginPageGeneratingFilter@619c3546, org.springframework.security.web.authentication.ui.DefaultLogoutPageGeneratingFilter@349312d5, cn.cumtmaker.maker.filter.JWTAuthenticationFilter@5885e231, org.springframework.security.web.savedrequest.RequestCacheAwareFilter@6f0a4e30, org.springframework.security.web.servletapi.SecurityContextHolderAwareRequestFilter@7cca31fc, org.springframework.security.web.authentication.AnonymousAuthenticationFilter@47eaf55c, org.springframework.security.web.session.SessionManagementFilter@1f45db49, org.springframework.security.web.access.ExceptionTranslationFilter@4abbe41c, org.springframework.security.web.access.intercept.FilterSecurityInterceptor@5bb7a59]
2019-03-01 16:55:42.660 [main] INFO  s.d.s.web.plugins.DocumentationPluginsBootstrapper - Context refreshed
2019-03-01 16:55:42.694 [main] INFO  s.d.s.web.plugins.DocumentationPluginsBootstrapper - Found 1 custom documentation plugin(s)
2019-03-01 16:55:42.726 [main] INFO  s.d.spring.web.scanners.ApiListingReferenceScanner - Scanning for api listing references
2019-03-01 16:55:43.271 [main] INFO  s.d.s.w.r.operation.CachingOperationNameGenerator - Generating unique operation named: insertOrderUsingPOST_1
2019-03-01 16:55:43.320 [main] INFO  s.d.s.w.r.operation.CachingOperationNameGenerator - Generating unique operation named: getAllUsingGET_1
2019-03-01 16:55:43.329 [main] INFO  s.d.s.w.r.operation.CachingOperationNameGenerator - Generating unique operation named: getAllUsingGET_2
2019-03-01 16:55:43.402 [main] INFO  s.d.s.w.r.operation.CachingOperationNameGenerator - Generating unique operation named: resetPasswordUsingPOST_1
2019-03-01 16:55:43.411 [main] INFO  s.d.s.w.r.operation.CachingOperationNameGenerator - Generating unique operation named: setMakerSignUpInfoUsingPOST_1
2019-03-01 16:55:43.415 [main] INFO  s.d.s.w.r.operation.CachingOperationNameGenerator - Generating unique operation named: setUserSignUpInfoUsingPOST_1
2019-03-01 16:55:43.418 [main] INFO  s.d.s.w.r.operation.CachingOperationNameGenerator - Generating unique operation named: signUpUsingPOST_1
2019-03-01 16:55:43.421 [main] INFO  s.d.s.w.r.operation.CachingOperationNameGenerator - Generating unique operation named: updateUserInfoUsingPOST_1
2019-03-01 16:55:43.458 [main] INFO  org.apache.coyote.http11.Http11NioProtocol - Starting ProtocolHandler ["http-nio-8090"]
2019-03-01 16:55:43.473 [main] INFO  org.apache.tomcat.util.net.NioSelectorPool - Using a shared selector for servlet write/read
2019-03-01 16:55:43.527 [main] INFO  o.s.boot.web.embedded.tomcat.TomcatWebServer - Tomcat started on port(s): 8090 (http) with context path ''
2019-03-01 16:55:43.543 [main] INFO  cn.cumtmaker.maker.MakerApplication - Started MakerApplication in 7.833 seconds (JVM running for 11.626)
2019-03-01 17:01:28.001 [http-nio-8090-exec-10] INFO  o.a.c.core.ContainerBase.[Tomcat].[localhost].[/] - Initializing Spring DispatcherServlet 'dispatcherServlet'
2019-03-01 17:01:28.002 [http-nio-8090-exec-10] INFO  org.springframework.web.servlet.DispatcherServlet - Initializing Servlet 'dispatcherServlet'
2019-03-01 17:01:28.016 [http-nio-8090-exec-10] INFO  org.springframework.web.servlet.DispatcherServlet - Completed initialization in 14 ms
2019-03-01 17:01:28.147 [http-nio-8090-exec-10] INFO  com.zaxxer.hikari.HikariDataSource - HikariPool-1 - Starting...
2019-03-01 17:01:28.488 [http-nio-8090-exec-10] INFO  com.zaxxer.hikari.HikariDataSource - HikariPool-1 - Start completed.
2019-03-01 17:01:28.518 [http-nio-8090-exec-9] INFO  cn.cumtmaker.maker.listener.OnLineCount - 【在线人数增加,人数:1】
2019-03-01 17:01:33.617 [http-nio-8090-exec-8] INFO  cn.cumtmaker.maker.security.MyUserDetailsService - 用户名为test的USER用户尝试登录
2019-03-01 17:01:33.732 [http-nio-8090-exec-8] INFO  c.c.m.s.a.authenticationSuccessHandler - 用户test登录成功
2019-03-01 17:02:24.917 [main] INFO  cn.cumtmaker.maker.MakerApplication - Starting MakerApplication on DESKTOP-UM8HVBV with PID 4600 (C:\Users\hasee\Desktop\maker2\backend\maker\out\production\classes started by hasee in C:\Users\hasee\Desktop\maker2\backend\maker)
2019-03-01 17:02:24.923 [main] INFO  cn.cumtmaker.maker.MakerApplication - No active profile set, falling back to default profiles: default
2019-03-01 17:02:27.803 [main] INFO  o.s.c.s.PostProcessorRegistrationDelegate$BeanPostProcessorChecker - Bean 'org.springframework.transaction.annotation.ProxyTransactionManagementConfiguration' of type [org.springframework.transaction.annotation.ProxyTransactionManagementConfiguration$$EnhancerBySpringCGLIB$$c2e014ec] is not eligible for getting processed by all BeanPostProcessors (for example: not eligible for auto-proxying)
2019-03-01 17:02:28.474 [main] INFO  o.s.boot.web.embedded.tomcat.TomcatWebServer - Tomcat initialized with port(s): 8090 (http)
2019-03-01 17:02:28.492 [main] INFO  org.apache.coyote.http11.Http11NioProtocol - Initializing ProtocolHandler ["http-nio-8090"]
2019-03-01 17:02:28.502 [main] INFO  org.apache.catalina.core.StandardService - Starting service [Tomcat]
2019-03-01 17:02:28.503 [main] INFO  org.apache.catalina.core.StandardEngine - Starting Servlet Engine: Apache Tomcat/9.0.13
2019-03-01 17:02:28.512 [main] INFO  org.apache.catalina.core.AprLifecycleListener - The APR based Apache Tomcat Native library which allows optimal performance in production environments was not found on the java.library.path: [C:\Program Files\Java\jdk1.8.0_91\bin;C:\WINDOWS\Sun\Java\bin;C:\WINDOWS\system32;C:\WINDOWS;C:\ProgramData\Oracle\Java\javapath;C:\Program Files (x86)\Intel\iCLS Client\;C:\Program Files\Intel\iCLS Client\;C:\Windows\system32;C:\Windows;C:\Windows\System32\Wbem;C:\Windows\System32\WindowsPowerShell\v1.0\;C:\Program Files (x86)\Intel\Intel(R) Management Engine Components\DAL;C:\Program Files\Intel\Intel(R) Management Engine Components\DAL;C:\Program Files (x86)\Intel\Intel(R) Management Engine Components\IPT;C:\Program Files\Intel\Intel(R) Management Engine Components\IPT;C:\Program Files (x86)\NVIDIA Corporation\PhysX\Common;C:\Program Files\Intel\WiFi\bin\;C:\Program Files\Common Files\Intel\WirelessCommon\;C:\WINDOWS\system32;C:\WINDOWS;C:\WINDOWS\System32\Wbem;C:\WINDOWS\System32\WindowsPowerShell\v1.0\;C:\WINDOWS\System32\OpenSSH\;C:\Program Files\MySQL\MySQL Utilities 1.6\;E:\gradle-4.10\bin;E:\apache-maven-3.5.4\bin;E:\node;C:\Program Files\Java\jdk1.8.0_91\bin;C:\Program Files\Java\jdk1.8.0_91\jre\bin;D:\python;"C:\Program Files\Apache Software Foundation\Tomcat 9.0_Tomcat9.0\lib;C:\Program Files\Apache Software Foundation\Tomcat 9.0_Tomcat9.0\bin";C:\Program Files\MongoDB\Server\4.1\bin;E:\Git\cmd;C:\Program Files\Intel\WiFi\bin\;C:\Program Files\Common Files\Intel\WirelessCommon\;C:\Users\hasee\AppData\Local\Microsoft\WindowsApps;E:\Microsoft VS Code\bin;C:\Users\hasee\AppData\Roaming\npm;C:\Users\hasee\AppData\Local\GitHubDesktop\bin;.]
2019-03-01 17:02:28.675 [main] INFO  o.a.c.core.ContainerBase.[Tomcat].[localhost].[/] - Initializing Spring embedded WebApplicationContext
2019-03-01 17:02:28.675 [main] INFO  org.springframework.web.context.ContextLoader - Root WebApplicationContext: initialization completed in 3564 ms
2019-03-01 17:02:30.541 [main] INFO  o.s.scheduling.concurrent.ThreadPoolTaskExecutor - Initializing ExecutorService 'applicationTaskExecutor'
2019-03-01 17:02:30.717 [main] INFO  o.s.b.a.web.servlet.WelcomePageHandlerMapping - Adding welcome page: class path resource [static/index.html]
2019-03-01 17:02:30.992 [main] INFO  o.s.security.web.DefaultSecurityFilterChain - Creating filter chain: any request, [org.springframework.security.web.context.request.async.WebAsyncManagerIntegrationFilter@3c488b34, org.springframework.security.web.context.SecurityContextPersistenceFilter@3b4bd341, org.springframework.security.web.header.HeaderWriterFilter@3c3e363, org.springframework.security.web.authentication.logout.LogoutFilter@73b74615, cn.cumtmaker.maker.filter.ValidateCodeFilter@32e697ac, org.springframework.security.web.authentication.UsernamePasswordAuthenticationFilter@22686ddb, org.springframework.security.web.authentication.ui.DefaultLoginPageGeneratingFilter@731db93f, org.springframework.security.web.authentication.ui.DefaultLogoutPageGeneratingFilter@3866c96e, cn.cumtmaker.maker.filter.JWTAuthenticationFilter@241fc278, org.springframework.security.web.savedrequest.RequestCacheAwareFilter@7d28cdcd, org.springframework.security.web.servletapi.SecurityContextHolderAwareRequestFilter@43c0c13a, org.springframework.security.web.authentication.AnonymousAuthenticationFilter@5c76fce4, org.springframework.security.web.session.SessionManagementFilter@4f8659d0, org.springframework.security.web.access.ExceptionTranslationFilter@333d44f6, org.springframework.security.web.access.intercept.FilterSecurityInterceptor@59933644]
2019-03-01 17:02:31.072 [main] INFO  s.d.s.web.plugins.DocumentationPluginsBootstrapper - Context refreshed
2019-03-01 17:02:31.095 [main] INFO  s.d.s.web.plugins.DocumentationPluginsBootstrapper - Found 1 custom documentation plugin(s)
2019-03-01 17:02:31.119 [main] INFO  s.d.spring.web.scanners.ApiListingReferenceScanner - Scanning for api listing references
2019-03-01 17:02:31.622 [main] INFO  s.d.s.w.r.operation.CachingOperationNameGenerator - Generating unique operation named: insertOrderUsingPOST_1
2019-03-01 17:02:31.672 [main] INFO  s.d.s.w.r.operation.CachingOperationNameGenerator - Generating unique operation named: getAllUsingGET_1
2019-03-01 17:02:31.681 [main] INFO  s.d.s.w.r.operation.CachingOperationNameGenerator - Generating unique operation named: getAllUsingGET_2
2019-03-01 17:02:31.759 [main] INFO  s.d.s.w.r.operation.CachingOperationNameGenerator - Generating unique operation named: resetPasswordUsingPOST_1
2019-03-01 17:02:31.766 [main] INFO  s.d.s.w.r.operation.CachingOperationNameGenerator - Generating unique operation named: setMakerSignUpInfoUsingPOST_1
2019-03-01 17:02:31.771 [main] INFO  s.d.s.w.r.operation.CachingOperationNameGenerator - Generating unique operation named: setUserSignUpInfoUsingPOST_1
2019-03-01 17:02:31.775 [main] INFO  s.d.s.w.r.operation.CachingOperationNameGenerator - Generating unique operation named: signUpUsingPOST_1
2019-03-01 17:02:31.779 [main] INFO  s.d.s.w.r.operation.CachingOperationNameGenerator - Generating unique operation named: updateUserInfoUsingPOST_1
2019-03-01 17:02:31.815 [main] INFO  org.apache.coyote.http11.Http11NioProtocol - Starting ProtocolHandler ["http-nio-8090"]
2019-03-01 17:02:31.857 [main] INFO  org.apache.tomcat.util.net.NioSelectorPool - Using a shared selector for servlet write/read
2019-03-01 17:02:31.895 [main] INFO  o.s.boot.web.embedded.tomcat.TomcatWebServer - Tomcat started on port(s): 8090 (http) with context path ''
2019-03-01 17:02:31.901 [main] INFO  cn.cumtmaker.maker.MakerApplication - Started MakerApplication in 7.887 seconds (JVM running for 11.741)
2019-03-01 17:02:51.968 [http-nio-8090-exec-1] INFO  o.a.c.core.ContainerBase.[Tomcat].[localhost].[/] - Initializing Spring DispatcherServlet 'dispatcherServlet'
2019-03-01 17:02:51.969 [http-nio-8090-exec-1] INFO  org.springframework.web.servlet.DispatcherServlet - Initializing Servlet 'dispatcherServlet'
2019-03-01 17:02:51.982 [http-nio-8090-exec-1] INFO  org.springframework.web.servlet.DispatcherServlet - Completed initialization in 13 ms
2019-03-01 17:02:52.468 [http-nio-8090-exec-1] INFO  cn.cumtmaker.maker.listener.OnLineCount - 【在线人数增加,人数:1】
2019-03-01 17:02:52.577 [http-nio-8090-exec-1] INFO  com.zaxxer.hikari.HikariDataSource - HikariPool-1 - Starting...
2019-03-01 17:02:52.731 [http-nio-8090-exec-1] INFO  com.zaxxer.hikari.HikariDataSource - HikariPool-1 - Start completed.
2019-03-01 17:21:34.656 [http-nio-8090-exec-4] INFO  cn.cumtmaker.maker.service.impl.UserServiceImpl - 用户test查询了自己的USER信息
2019-03-01 17:22:19.820 [http-nio-8090-exec-5] INFO  cn.cumtmaker.maker.service.GroupCollectionsService - Id为1的用户查询了自己收藏的商品
2019-03-01 17:22:21.122 [http-nio-8090-exec-6] INFO  cn.cumtmaker.maker.service.StoreCollectionsService - Id为1的用户查询了自己收藏的店铺
2019-03-01 18:05:40.723 [main] INFO  cn.cumtmaker.maker.MakerApplication - Starting MakerApplication on DESKTOP-UM8HVBV with PID 16888 (C:\Users\hasee\Desktop\maker2\backend\maker\out\production\classes started by hasee in C:\Users\hasee\Desktop\maker2\backend\maker)
2019-03-01 18:05:40.728 [main] INFO  cn.cumtmaker.maker.MakerApplication - No active profile set, falling back to default profiles: default
2019-03-01 18:05:42.624 [main] INFO  o.s.c.s.PostProcessorRegistrationDelegate$BeanPostProcessorChecker - Bean 'org.springframework.transaction.annotation.ProxyTransactionManagementConfiguration' of type [org.springframework.transaction.annotation.ProxyTransactionManagementConfiguration$$EnhancerBySpringCGLIB$$50f69a91] is not eligible for getting processed by all BeanPostProcessors (for example: not eligible for auto-proxying)
2019-03-01 18:05:43.120 [main] INFO  o.s.boot.web.embedded.tomcat.TomcatWebServer - Tomcat initialized with port(s): 8090 (http)
2019-03-01 18:05:43.148 [main] INFO  org.apache.coyote.http11.Http11NioProtocol - Initializing ProtocolHandler ["http-nio-8090"]
2019-03-01 18:05:43.163 [main] INFO  org.apache.catalina.core.StandardService - Starting service [Tomcat]
2019-03-01 18:05:43.164 [main] INFO  org.apache.catalina.core.StandardEngine - Starting Servlet Engine: Apache Tomcat/9.0.13
2019-03-01 18:05:43.180 [main] INFO  org.apache.catalina.core.AprLifecycleListener - The APR based Apache Tomcat Native library which allows optimal performance in production environments was not found on the java.library.path: [C:\Program Files\Java\jdk1.8.0_91\bin;C:\WINDOWS\Sun\Java\bin;C:\WINDOWS\system32;C:\WINDOWS;C:\ProgramData\Oracle\Java\javapath;C:\Program Files (x86)\Intel\iCLS Client\;C:\Program Files\Intel\iCLS Client\;C:\Windows\system32;C:\Windows;C:\Windows\System32\Wbem;C:\Windows\System32\WindowsPowerShell\v1.0\;C:\Program Files (x86)\Intel\Intel(R) Management Engine Components\DAL;C:\Program Files\Intel\Intel(R) Management Engine Components\DAL;C:\Program Files (x86)\Intel\Intel(R) Management Engine Components\IPT;C:\Program Files\Intel\Intel(R) Management Engine Components\IPT;C:\Program Files (x86)\NVIDIA Corporation\PhysX\Common;C:\Program Files\Intel\WiFi\bin\;C:\Program Files\Common Files\Intel\WirelessCommon\;C:\WINDOWS\system32;C:\WINDOWS;C:\WINDOWS\System32\Wbem;C:\WINDOWS\System32\WindowsPowerShell\v1.0\;C:\WINDOWS\System32\OpenSSH\;C:\Program Files\MySQL\MySQL Utilities 1.6\;E:\gradle-4.10\bin;E:\apache-maven-3.5.4\bin;E:\node;C:\Program Files\Java\jdk1.8.0_91\bin;C:\Program Files\Java\jdk1.8.0_91\jre\bin;D:\python;"C:\Program Files\Apache Software Foundation\Tomcat 9.0_Tomcat9.0\lib;C:\Program Files\Apache Software Foundation\Tomcat 9.0_Tomcat9.0\bin";C:\Program Files\MongoDB\Server\4.1\bin;E:\Git\cmd;C:\Program Files\Intel\WiFi\bin\;C:\Program Files\Common Files\Intel\WirelessCommon\;C:\Users\hasee\AppData\Local\Microsoft\WindowsApps;E:\Microsoft VS Code\bin;C:\Users\hasee\AppData\Roaming\npm;C:\Users\hasee\AppData\Local\GitHubDesktop\bin;.]
2019-03-01 18:05:43.426 [main] INFO  o.a.c.core.ContainerBase.[Tomcat].[localhost].[/] - Initializing Spring embedded WebApplicationContext
2019-03-01 18:05:43.426 [main] INFO  org.springframework.web.context.ContextLoader - Root WebApplicationContext: initialization completed in 2560 ms
2019-03-01 18:05:45.107 [main] INFO  o.s.scheduling.concurrent.ThreadPoolTaskExecutor - Initializing ExecutorService 'applicationTaskExecutor'
2019-03-01 18:05:45.261 [main] INFO  o.s.b.a.web.servlet.WelcomePageHandlerMapping - Adding welcome page: class path resource [static/index.html]
2019-03-01 18:05:45.581 [main] INFO  o.s.security.web.DefaultSecurityFilterChain - Creating filter chain: any request, [org.springframework.security.web.context.request.async.WebAsyncManagerIntegrationFilter@28dd81ad, org.springframework.security.web.context.SecurityContextPersistenceFilter@7530090a, org.springframework.security.web.header.HeaderWriterFilter@72110818, org.springframework.security.web.authentication.logout.LogoutFilter@53ba1175, cn.cumtmaker.maker.filter.ValidateCodeFilter@300a38e7, org.springframework.security.web.authentication.UsernamePasswordAuthenticationFilter@cd5ff55, org.springframework.security.web.authentication.ui.DefaultLoginPageGeneratingFilter@45b96e4c, org.springframework.security.web.authentication.ui.DefaultLogoutPageGeneratingFilter@5c9a4f3b, cn.cumtmaker.maker.filter.JWTAuthenticationFilter@2bb0e277, org.springframework.security.web.savedrequest.RequestCacheAwareFilter@55fb36de, org.springframework.security.web.servletapi.SecurityContextHolderAwareRequestFilter@84f51d9, org.springframework.security.web.authentication.AnonymousAuthenticationFilter@6f24ce45, org.springframework.security.web.session.SessionManagementFilter@38d525aa, org.springframework.security.web.access.ExceptionTranslationFilter@7114e780, org.springframework.security.web.access.intercept.FilterSecurityInterceptor@4e4d0a0b]
2019-03-01 18:05:45.671 [main] INFO  s.d.s.web.plugins.DocumentationPluginsBootstrapper - Context refreshed
2019-03-01 18:05:45.698 [main] INFO  s.d.s.web.plugins.DocumentationPluginsBootstrapper - Found 1 custom documentation plugin(s)
2019-03-01 18:05:45.723 [main] INFO  s.d.spring.web.scanners.ApiListingReferenceScanner - Scanning for api listing references
2019-03-01 18:05:46.240 [main] INFO  s.d.s.w.r.operation.CachingOperationNameGenerator - Generating unique operation named: insertOrderUsingPOST_1
2019-03-01 18:05:46.284 [main] INFO  s.d.s.w.r.operation.CachingOperationNameGenerator - Generating unique operation named: getAllUsingGET_1
2019-03-01 18:05:46.291 [main] INFO  s.d.s.w.r.operation.CachingOperationNameGenerator - Generating unique operation named: getAllUsingGET_2
2019-03-01 18:05:46.362 [main] INFO  s.d.s.w.r.operation.CachingOperationNameGenerator - Generating unique operation named: resetPasswordUsingPOST_1
2019-03-01 18:05:46.369 [main] INFO  s.d.s.w.r.operation.CachingOperationNameGenerator - Generating unique operation named: setMakerSignUpInfoUsingPOST_1
2019-03-01 18:05:46.374 [main] INFO  s.d.s.w.r.operation.CachingOperationNameGenerator - Generating unique operation named: setUserSignUpInfoUsingPOST_1
2019-03-01 18:05:46.377 [main] INFO  s.d.s.w.r.operation.CachingOperationNameGenerator - Generating unique operation named: signUpUsingPOST_1
2019-03-01 18:05:46.381 [main] INFO  s.d.s.w.r.operation.CachingOperationNameGenerator - Generating unique operation named: updateUserInfoUsingPOST_1
2019-03-01 18:05:46.413 [main] INFO  org.apache.coyote.http11.Http11NioProtocol - Starting ProtocolHandler ["http-nio-8090"]
2019-03-01 18:05:46.429 [main] INFO  org.apache.tomcat.util.net.NioSelectorPool - Using a shared selector for servlet write/read
2019-03-01 18:05:46.457 [main] INFO  o.s.boot.web.embedded.tomcat.TomcatWebServer - Tomcat started on port(s): 8090 (http) with context path ''
2019-03-01 18:05:46.462 [main] INFO  cn.cumtmaker.maker.MakerApplication - Started MakerApplication in 6.759 seconds (JVM running for 8.268)
2019-03-01 18:05:51.810 [http-nio-8090-exec-1] INFO  o.a.c.core.ContainerBase.[Tomcat].[localhost].[/] - Initializing Spring DispatcherServlet 'dispatcherServlet'
2019-03-01 18:05:51.811 [http-nio-8090-exec-1] INFO  org.springframework.web.servlet.DispatcherServlet - Initializing Servlet 'dispatcherServlet'
2019-03-01 18:05:51.823 [http-nio-8090-exec-1] INFO  org.springframework.web.servlet.DispatcherServlet - Completed initialization in 12 ms
2019-03-01 18:05:51.880 [http-nio-8090-exec-1] INFO  cn.cumtmaker.maker.listener.OnLineCount - 【在线人数增加,人数:1】
2019-03-01 18:05:51.895 [http-nio-8090-exec-2] INFO  c.c.m.s.a.authenticationFailureHandler - 用户登录失败或验证码校验出错
2019-03-01 18:05:51.941 [http-nio-8090-exec-4] INFO  c.c.m.s.a.authenticationFailureHandler - 用户登录失败或验证码校验出错
2019-03-01 18:06:10.187 [main] INFO  cn.cumtmaker.maker.MakerApplication - Starting MakerApplication on DESKTOP-UM8HVBV with PID 7384 (C:\Users\hasee\Desktop\maker2\backend\maker\out\production\classes started by hasee in C:\Users\hasee\Desktop\maker2\backend\maker)
2019-03-01 18:06:10.192 [main] INFO  cn.cumtmaker.maker.MakerApplication - No active profile set, falling back to default profiles: default
2019-03-01 18:06:12.066 [main] INFO  o.s.c.s.PostProcessorRegistrationDelegate$BeanPostProcessorChecker - Bean 'org.springframework.transaction.annotation.ProxyTransactionManagementConfiguration' of type [org.springframework.transaction.annotation.ProxyTransactionManagementConfiguration$$EnhancerBySpringCGLIB$$4867a444] is not eligible for getting processed by all BeanPostProcessors (for example: not eligible for auto-proxying)
2019-03-01 18:06:12.689 [main] INFO  o.s.boot.web.embedded.tomcat.TomcatWebServer - Tomcat initialized with port(s): 8090 (http)
2019-03-01 18:06:12.711 [main] INFO  org.apache.coyote.http11.Http11NioProtocol - Initializing ProtocolHandler ["http-nio-8090"]
2019-03-01 18:06:12.725 [main] INFO  org.apache.catalina.core.StandardService - Starting service [Tomcat]
2019-03-01 18:06:12.726 [main] INFO  org.apache.catalina.core.StandardEngine - Starting Servlet Engine: Apache Tomcat/9.0.13
2019-03-01 18:06:12.738 [main] INFO  org.apache.catalina.core.AprLifecycleListener - The APR based Apache Tomcat Native library which allows optimal performance in production environments was not found on the java.library.path: [C:\Program Files\Java\jdk1.8.0_91\bin;C:\WINDOWS\Sun\Java\bin;C:\WINDOWS\system32;C:\WINDOWS;C:\ProgramData\Oracle\Java\javapath;C:\Program Files (x86)\Intel\iCLS Client\;C:\Program Files\Intel\iCLS Client\;C:\Windows\system32;C:\Windows;C:\Windows\System32\Wbem;C:\Windows\System32\WindowsPowerShell\v1.0\;C:\Program Files (x86)\Intel\Intel(R) Management Engine Components\DAL;C:\Program Files\Intel\Intel(R) Management Engine Components\DAL;C:\Program Files (x86)\Intel\Intel(R) Management Engine Components\IPT;C:\Program Files\Intel\Intel(R) Management Engine Components\IPT;C:\Program Files (x86)\NVIDIA Corporation\PhysX\Common;C:\Program Files\Intel\WiFi\bin\;C:\Program Files\Common Files\Intel\WirelessCommon\;C:\WINDOWS\system32;C:\WINDOWS;C:\WINDOWS\System32\Wbem;C:\WINDOWS\System32\WindowsPowerShell\v1.0\;C:\WINDOWS\System32\OpenSSH\;C:\Program Files\MySQL\MySQL Utilities 1.6\;E:\gradle-4.10\bin;E:\apache-maven-3.5.4\bin;E:\node;C:\Program Files\Java\jdk1.8.0_91\bin;C:\Program Files\Java\jdk1.8.0_91\jre\bin;D:\python;"C:\Program Files\Apache Software Foundation\Tomcat 9.0_Tomcat9.0\lib;C:\Program Files\Apache Software Foundation\Tomcat 9.0_Tomcat9.0\bin";C:\Program Files\MongoDB\Server\4.1\bin;E:\Git\cmd;C:\Program Files\Intel\WiFi\bin\;C:\Program Files\Common Files\Intel\WirelessCommon\;C:\Users\hasee\AppData\Local\Microsoft\WindowsApps;E:\Microsoft VS Code\bin;C:\Users\hasee\AppData\Roaming\npm;C:\Users\hasee\AppData\Local\GitHubDesktop\bin;.]
2019-03-01 18:06:12.948 [main] INFO  o.a.c.core.ContainerBase.[Tomcat].[localhost].[/] - Initializing Spring embedded WebApplicationContext
2019-03-01 18:06:12.948 [main] INFO  org.springframework.web.context.ContextLoader - Root WebApplicationContext: initialization completed in 2626 ms
2019-03-01 18:06:14.491 [main] INFO  o.s.scheduling.concurrent.ThreadPoolTaskExecutor - Initializing ExecutorService 'applicationTaskExecutor'
2019-03-01 18:06:14.645 [main] INFO  o.s.b.a.web.servlet.WelcomePageHandlerMapping - Adding welcome page: class path resource [static/index.html]
2019-03-01 18:06:15.014 [main] INFO  o.s.security.web.DefaultSecurityFilterChain - Creating filter chain: any request, [org.springframework.security.web.context.request.async.WebAsyncManagerIntegrationFilter@bb12f41, org.springframework.security.web.context.SecurityContextPersistenceFilter@30eedaa4, org.springframework.security.web.header.HeaderWriterFilter@697a92af, org.springframework.security.web.authentication.logout.LogoutFilter@5df64b2a, cn.cumtmaker.maker.filter.ValidateCodeFilter@708dfe10, org.springframework.security.web.authentication.UsernamePasswordAuthenticationFilter@7afb9c93, org.springframework.security.web.authentication.ui.DefaultLoginPageGeneratingFilter@b5de9ac, org.springframework.security.web.authentication.ui.DefaultLogoutPageGeneratingFilter@18989e0, cn.cumtmaker.maker.filter.JWTAuthenticationFilter@2a120c88, org.springframework.security.web.savedrequest.RequestCacheAwareFilter@7f6b57f2, org.springframework.security.web.servletapi.SecurityContextHolderAwareRequestFilter@699d96bc, org.springframework.security.web.authentication.AnonymousAuthenticationFilter@285bf5ac, org.springframework.security.web.session.SessionManagementFilter@16b76858, org.springframework.security.web.access.ExceptionTranslationFilter@2ab8589a, org.springframework.security.web.access.intercept.FilterSecurityInterceptor@3ef0e576]
2019-03-01 18:06:15.113 [main] INFO  s.d.s.web.plugins.DocumentationPluginsBootstrapper - Context refreshed
2019-03-01 18:06:15.138 [main] INFO  s.d.s.web.plugins.DocumentationPluginsBootstrapper - Found 1 custom documentation plugin(s)
2019-03-01 18:06:15.162 [main] INFO  s.d.spring.web.scanners.ApiListingReferenceScanner - Scanning for api listing references
2019-03-01 18:06:15.621 [main] INFO  s.d.s.w.r.operation.CachingOperationNameGenerator - Generating unique operation named: insertOrderUsingPOST_1
2019-03-01 18:06:15.665 [main] INFO  s.d.s.w.r.operation.CachingOperationNameGenerator - Generating unique operation named: getAllUsingGET_1
2019-03-01 18:06:15.676 [main] INFO  s.d.s.w.r.operation.CachingOperationNameGenerator - Generating unique operation named: getAllUsingGET_2
2019-03-01 18:06:15.751 [main] INFO  s.d.s.w.r.operation.CachingOperationNameGenerator - Generating unique operation named: resetPasswordUsingPOST_1
2019-03-01 18:06:15.759 [main] INFO  s.d.s.w.r.operation.CachingOperationNameGenerator - Generating unique operation named: setMakerSignUpInfoUsingPOST_1
2019-03-01 18:06:15.764 [main] INFO  s.d.s.w.r.operation.CachingOperationNameGenerator - Generating unique operation named: setUserSignUpInfoUsingPOST_1
2019-03-01 18:06:15.767 [main] INFO  s.d.s.w.r.operation.CachingOperationNameGenerator - Generating unique operation named: signUpUsingPOST_1
2019-03-01 18:06:15.771 [main] INFO  s.d.s.w.r.operation.CachingOperationNameGenerator - Generating unique operation named: updateUserInfoUsingPOST_1
2019-03-01 18:06:15.804 [main] INFO  org.apache.coyote.http11.Http11NioProtocol - Starting ProtocolHandler ["http-nio-8090"]
2019-03-01 18:06:15.820 [main] INFO  org.apache.tomcat.util.net.NioSelectorPool - Using a shared selector for servlet write/read
2019-03-01 18:06:15.851 [main] INFO  o.s.boot.web.embedded.tomcat.TomcatWebServer - Tomcat started on port(s): 8090 (http) with context path ''
2019-03-01 18:06:15.857 [main] INFO  cn.cumtmaker.maker.MakerApplication - Started MakerApplication in 6.578 seconds (JVM running for 8.252)
2019-03-01 18:06:19.602 [http-nio-8090-exec-1] INFO  o.a.c.core.ContainerBase.[Tomcat].[localhost].[/] - Initializing Spring DispatcherServlet 'dispatcherServlet'
2019-03-01 18:06:19.603 [http-nio-8090-exec-1] INFO  org.springframework.web.servlet.DispatcherServlet - Initializing Servlet 'dispatcherServlet'
2019-03-01 18:06:19.615 [http-nio-8090-exec-1] INFO  org.springframework.web.servlet.DispatcherServlet - Completed initialization in 12 ms
2019-03-01 18:06:19.647 [http-nio-8090-exec-1] INFO  c.c.m.s.a.authenticationFailureHandler - 用户登录失败或验证码校验出错
2019-03-01 18:06:19.710 [http-nio-8090-exec-3] INFO  c.c.m.s.a.authenticationFailureHandler - 用户登录失败或验证码校验出错
2019-03-01 18:06:20.294 [http-nio-8090-exec-4] INFO  c.c.m.s.a.authenticationFailureHandler - 用户登录失败或验证码校验出错
2019-03-01 18:06:20.313 [http-nio-8090-exec-6] INFO  c.c.m.s.a.authenticationFailureHandler - 用户登录失败或验证码校验出错
2019-03-01 18:06:20.703 [http-nio-8090-exec-7] INFO  c.c.m.s.a.authenticationFailureHandler - 用户登录失败或验证码校验出错
2019-03-01 18:06:20.722 [http-nio-8090-exec-9] INFO  c.c.m.s.a.authenticationFailureHandler - 用户登录失败或验证码校验出错
2019-03-01 18:06:31.084 [http-nio-8090-exec-1] INFO  cn.cumtmaker.maker.listener.OnLineCount - 【在线人数增加,人数:1】
2019-03-01 18:06:31.090 [http-nio-8090-exec-2] INFO  c.c.m.s.a.authenticationFailureHandler - 用户登录失败或验证码校验出错
2019-03-01 18:06:31.111 [http-nio-8090-exec-4] INFO  c.c.m.s.a.authenticationFailureHandler - 用户登录失败或验证码校验出错
2019-03-01 18:07:22.693 [http-nio-8090-exec-6] INFO  com.zaxxer.hikari.HikariDataSource - HikariPool-1 - Starting...
2019-03-01 18:07:22.885 [http-nio-8090-exec-6] INFO  com.zaxxer.hikari.HikariDataSource - HikariPool-1 - Start completed.
2019-03-01 18:09:17.570 [http-nio-8090-exec-9] INFO  cn.cumtmaker.maker.listener.OnLineCount - 【在线人数增加,人数:2】
2019-03-01 18:09:17.601 [http-nio-8090-exec-10] INFO  cn.cumtmaker.maker.listener.OnLineCount - 【在线人数增加,人数:3】
2019-03-01 18:21:21.444 [main] INFO  cn.cumtmaker.maker.MakerApplication - Starting MakerApplication on DESKTOP-UM8HVBV with PID 8036 (C:\Users\hasee\Desktop\maker2\backend\maker\out\production\classes started by hasee in C:\Users\hasee\Desktop\maker2\backend\maker)
2019-03-01 18:21:21.450 [main] INFO  cn.cumtmaker.maker.MakerApplication - No active profile set, falling back to default profiles: default
2019-03-01 18:21:23.787 [main] INFO  o.s.c.s.PostProcessorRegistrationDelegate$BeanPostProcessorChecker - Bean 'org.springframework.transaction.annotation.ProxyTransactionManagementConfiguration' of type [org.springframework.transaction.annotation.ProxyTransactionManagementConfiguration$$EnhancerBySpringCGLIB$$5b17166d] is not eligible for getting processed by all BeanPostProcessors (for example: not eligible for auto-proxying)
2019-03-01 18:21:24.219 [main] INFO  o.s.boot.web.embedded.tomcat.TomcatWebServer - Tomcat initialized with port(s): 8090 (http)
2019-03-01 18:21:24.236 [main] INFO  org.apache.coyote.http11.Http11NioProtocol - Initializing ProtocolHandler ["http-nio-8090"]
2019-03-01 18:21:24.247 [main] INFO  org.apache.catalina.core.StandardService - Starting service [Tomcat]
2019-03-01 18:21:24.247 [main] INFO  org.apache.catalina.core.StandardEngine - Starting Servlet Engine: Apache Tomcat/9.0.13
2019-03-01 18:21:24.255 [main] INFO  org.apache.catalina.core.AprLifecycleListener - The APR based Apache Tomcat Native library which allows optimal performance in production environments was not found on the java.library.path: [C:\Program Files\Java\jdk1.8.0_91\bin;C:\WINDOWS\Sun\Java\bin;C:\WINDOWS\system32;C:\WINDOWS;C:\ProgramData\Oracle\Java\javapath;C:\Program Files (x86)\Intel\iCLS Client\;C:\Program Files\Intel\iCLS Client\;C:\Windows\system32;C:\Windows;C:\Windows\System32\Wbem;C:\Windows\System32\WindowsPowerShell\v1.0\;C:\Program Files (x86)\Intel\Intel(R) Management Engine Components\DAL;C:\Program Files\Intel\Intel(R) Management Engine Components\DAL;C:\Program Files (x86)\Intel\Intel(R) Management Engine Components\IPT;C:\Program Files\Intel\Intel(R) Management Engine Components\IPT;C:\Program Files (x86)\NVIDIA Corporation\PhysX\Common;C:\Program Files\Intel\WiFi\bin\;C:\Program Files\Common Files\Intel\WirelessCommon\;C:\WINDOWS\system32;C:\WINDOWS;C:\WINDOWS\System32\Wbem;C:\WINDOWS\System32\WindowsPowerShell\v1.0\;C:\WINDOWS\System32\OpenSSH\;C:\Program Files\MySQL\MySQL Utilities 1.6\;E:\gradle-4.10\bin;E:\apache-maven-3.5.4\bin;E:\node;C:\Program Files\Java\jdk1.8.0_91\bin;C:\Program Files\Java\jdk1.8.0_91\jre\bin;D:\python;"C:\Program Files\Apache Software Foundation\Tomcat 9.0_Tomcat9.0\lib;C:\Program Files\Apache Software Foundation\Tomcat 9.0_Tomcat9.0\bin";C:\Program Files\MongoDB\Server\4.1\bin;E:\Git\cmd;C:\Program Files\Intel\WiFi\bin\;C:\Program Files\Common Files\Intel\WirelessCommon\;C:\Users\hasee\AppData\Local\Microsoft\WindowsApps;E:\Microsoft VS Code\bin;C:\Users\hasee\AppData\Roaming\npm;C:\Users\hasee\AppData\Local\GitHubDesktop\bin;.]
2019-03-01 18:21:24.406 [main] INFO  o.a.c.core.ContainerBase.[Tomcat].[localhost].[/] - Initializing Spring embedded WebApplicationContext
2019-03-01 18:21:24.406 [main] INFO  org.springframework.web.context.ContextLoader - Root WebApplicationContext: initialization completed in 2721 ms
2019-03-01 18:21:25.894 [main] INFO  o.s.scheduling.concurrent.ThreadPoolTaskExecutor - Initializing ExecutorService 'applicationTaskExecutor'
2019-03-01 18:21:26.037 [main] INFO  o.s.b.a.web.servlet.WelcomePageHandlerMapping - Adding welcome page: class path resource [static/index.html]
2019-03-01 18:21:26.323 [main] INFO  o.s.security.web.DefaultSecurityFilterChain - Creating filter chain: any request, [org.springframework.security.web.context.request.async.WebAsyncManagerIntegrationFilter@1410d645, org.springframework.security.web.context.SecurityContextPersistenceFilter@b5de9ac, org.springframework.security.web.header.HeaderWriterFilter@4c65d8e3, org.springframework.security.web.authentication.logout.LogoutFilter@5d08976a, cn.cumtmaker.maker.filter.ValidateCodeFilter@4ccdacf5, org.springframework.security.web.authentication.UsernamePasswordAuthenticationFilter@59a2d756, org.springframework.security.web.authentication.ui.DefaultLoginPageGeneratingFilter@38a96593, org.springframework.security.web.authentication.ui.DefaultLogoutPageGeneratingFilter@5aa6da2, cn.cumtmaker.maker.filter.JWTAuthenticationFilter@1a0d313, org.springframework.security.web.savedrequest.RequestCacheAwareFilter@57bdceaa, org.springframework.security.web.servletapi.SecurityContextHolderAwareRequestFilter@25cde5bb, org.springframework.security.web.authentication.AnonymousAuthenticationFilter@13908f9c, org.springframework.security.web.session.SessionManagementFilter@69ce14e6, org.springframework.security.web.access.ExceptionTranslationFilter@5e51ec2e, org.springframework.security.web.access.intercept.FilterSecurityInterceptor@18989e0]
2019-03-01 18:21:26.405 [main] INFO  s.d.s.web.plugins.DocumentationPluginsBootstrapper - Context refreshed
2019-03-01 18:21:26.428 [main] INFO  s.d.s.web.plugins.DocumentationPluginsBootstrapper - Found 1 custom documentation plugin(s)
2019-03-01 18:21:26.452 [main] INFO  s.d.spring.web.scanners.ApiListingReferenceScanner - Scanning for api listing references
2019-03-01 18:21:26.921 [main] INFO  s.d.s.w.r.operation.CachingOperationNameGenerator - Generating unique operation named: insertOrderUsingPOST_1
2019-03-01 18:21:26.968 [main] INFO  s.d.s.w.r.operation.CachingOperationNameGenerator - Generating unique operation named: getAllUsingGET_1
2019-03-01 18:21:26.975 [main] INFO  s.d.s.w.r.operation.CachingOperationNameGenerator - Generating unique operation named: getAllUsingGET_2
2019-03-01 18:21:27.052 [main] INFO  s.d.s.w.r.operation.CachingOperationNameGenerator - Generating unique operation named: resetPasswordUsingPOST_1
2019-03-01 18:21:27.059 [main] INFO  s.d.s.w.r.operation.CachingOperationNameGenerator - Generating unique operation named: setMakerSignUpInfoUsingPOST_1
2019-03-01 18:21:27.063 [main] INFO  s.d.s.w.r.operation.CachingOperationNameGenerator - Generating unique operation named: setUserSignUpInfoUsingPOST_1
2019-03-01 18:21:27.066 [main] INFO  s.d.s.w.r.operation.CachingOperationNameGenerator - Generating unique operation named: signUpUsingPOST_1
2019-03-01 18:21:27.069 [main] INFO  s.d.s.w.r.operation.CachingOperationNameGenerator - Generating unique operation named: updateUserInfoUsingPOST_1
2019-03-01 18:21:27.103 [main] INFO  org.apache.coyote.http11.Http11NioProtocol - Starting ProtocolHandler ["http-nio-8090"]
2019-03-01 18:21:27.119 [main] INFO  org.apache.tomcat.util.net.NioSelectorPool - Using a shared selector for servlet write/read
2019-03-01 18:21:27.144 [main] INFO  o.s.boot.web.embedded.tomcat.TomcatWebServer - Tomcat started on port(s): 8090 (http) with context path ''
2019-03-01 18:21:27.150 [main] INFO  cn.cumtmaker.maker.MakerApplication - Started MakerApplication in 7.241 seconds (JVM running for 8.764)
2019-03-01 18:21:43.818 [http-nio-8090-exec-1] INFO  o.a.c.core.ContainerBase.[Tomcat].[localhost].[/] - Initializing Spring DispatcherServlet 'dispatcherServlet'
2019-03-01 18:21:43.819 [http-nio-8090-exec-1] INFO  org.springframework.web.servlet.DispatcherServlet - Initializing Servlet 'dispatcherServlet'
2019-03-01 18:21:43.831 [http-nio-8090-exec-1] INFO  org.springframework.web.servlet.DispatcherServlet - Completed initialization in 12 ms
2019-03-01 18:21:43.885 [http-nio-8090-exec-1] INFO  cn.cumtmaker.maker.listener.OnLineCount - 【在线人数增加,人数:1】
2019-03-01 18:21:43.900 [http-nio-8090-exec-2] INFO  c.c.m.s.a.authenticationFailureHandler - 用户登录失败或验证码校验出错
2019-03-01 18:21:43.938 [http-nio-8090-exec-4] INFO  c.c.m.s.a.authenticationFailureHandler - 用户登录失败或验证码校验出错
2019-03-01 18:22:48.058 [http-nio-8090-exec-9] INFO  com.zaxxer.hikari.HikariDataSource - HikariPool-1 - Starting...
2019-03-01 18:22:48.222 [http-nio-8090-exec-9] INFO  com.zaxxer.hikari.HikariDataSource - HikariPool-1 - Start completed.
2019-03-01 18:24:00.135 [http-nio-8090-exec-1] INFO  cn.cumtmaker.maker.listener.OnLineCount - 【在线人数增加,人数:2】
2019-03-01 18:24:00.358 [http-nio-8090-exec-2] INFO  cn.cumtmaker.maker.listener.OnLineCount - 【在线人数增加,人数:3】
2019-03-01 18:48:34.130 [http-nio-8090-exec-7] INFO  cn.cumtmaker.maker.listener.OnLineCount - 【在线人数增加,人数:4】
2019-03-01 18:48:34.131 [http-nio-8090-exec-6] INFO  cn.cumtmaker.maker.listener.OnLineCount - 【在线人数增加,人数:5】
2019-03-01 18:48:34.133 [http-nio-8090-exec-4] INFO  cn.cumtmaker.maker.listener.OnLineCount - 【在线人数增加,人数:6】
2019-03-01 18:53:24.650 [ContainerBackgroundProcessor[StandardEngine[Tomcat]]] INFO  cn.cumtmaker.maker.listener.OnLineCount - 【在线人数减少,人数:5】
2019-03-01 18:54:24.650 [ContainerBackgroundProcessor[StandardEngine[Tomcat]]] INFO  cn.cumtmaker.maker.listener.OnLineCount - 【在线人数减少,人数:4】
