2019-02-27 22:01:34.092 [main] INFO  cn.cumtmaker.maker.MakerApplication - Starting MakerApplication on LAPTOP-GP9QF5S2 with PID 16952 (C:\GitHub\maker\backend\maker\out\production\classes started by Feng in C:\GitHub\maker\backend\maker)
2019-02-27 22:01:34.108 [main] INFO  cn.cumtmaker.maker.MakerApplication - No active profile set, falling back to default profiles: default
2019-02-27 22:01:39.572 [main] INFO  o.s.c.s.PostProcessorRegistrationDelegate$BeanPostProcessorChecker - Bean 'org.springframework.transaction.annotation.ProxyTransactionManagementConfiguration' of type [org.springframework.transaction.annotation.ProxyTransactionManagementConfiguration$$EnhancerBySpringCGLIB$$4efb10c4] is not eligible for getting processed by all BeanPostProcessors (for example: not eligible for auto-proxying)
2019-02-27 22:01:42.344 [main] INFO  o.s.boot.web.embedded.tomcat.TomcatWebServer - Tomcat initialized with port(s): 8090 (http)
2019-02-27 22:01:42.388 [main] INFO  org.apache.coyote.http11.Http11NioProtocol - Initializing ProtocolHandler ["http-nio-8090"]
2019-02-27 22:01:42.422 [main] INFO  org.apache.catalina.core.StandardService - Starting service [Tomcat]
2019-02-27 22:01:42.423 [main] INFO  org.apache.catalina.core.StandardEngine - Starting Servlet Engine: Apache Tomcat/9.0.13
2019-02-27 22:01:42.441 [main] INFO  org.apache.catalina.core.AprLifecycleListener - The APR based Apache Tomcat Native library which allows optimal performance in production environments was not found on the java.library.path: [C:\Program Files\Java\jdk1.8.0_181\bin;C:\WINDOWS\Sun\Java\bin;C:\WINDOWS\system32;C:\WINDOWS;C:\Program Files (x86)\Common Files\Oracle\Java\javapath;C:\ProgramData\Oracle\Java\javapath;C:\Program Files (x86)\Intel\iCLS Client\;C:\Program Files\Intel\iCLS Client\;C:\windows\system32;C:\windows;C:\windows\System32\Wbem;C:\windows\System32\WindowsPowerShell\v1.0\;C:\Program Files (x86)\NVIDIA Corporation\PhysX\Common;C:\Program Files (x86)\Intel\Intel(R) Management Engine Components\DAL;C:\Program Files\Intel\Intel(R) Management Engine Components\DAL;C:\Program Files (x86)\Intel\Intel(R) Management Engine Components\IPT;C:\Program Files\Intel\Intel(R) Management Engine Components\IPT;C:\WINDOWS\system32;C:\WINDOWS;C:\WINDOWS\System32\Wbem;C:\WINDOWS\System32\WindowsPowerShell\v1.0\;C:\Program Files\Intel\WiFi\bin\;C:\Program Files\Common Files\Intel\WirelessCommon\;C:\WINDOWS\System32\OpenSSH\;C:\Program Files\Java\apache-maven-3.5.4\bin;C:\Program Files\Java\jdk1.8.0_181\bin;C:\Program Files\MySQL\MySQL Utilities 1.6\;C:\gradle-4.9\bin;C:\Program Files\Java\jdk1.8.0_181\jre\bin;C:\vueProject\nodejs\;C:\Git\cmd;C:\Users\Feng\AppData\Local\Programs\Python\Python37\Scripts\;C:\Users\Feng\AppData\Local\Programs\Python\Python37\;C:\Ruby25-x64\bin;C:\Users\Feng\AppData\Local\Microsoft\WindowsApps;C:\Program Files\Intel\WiFi\bin\;C:\Program Files\Common Files\Intel\WirelessCommon\;C:\vueProject\nodejs\node_global;C:\Users\Feng\AppData\Local\GitHubDesktop\bin;C:\Users\Feng\AppData\Roaming\npm;.]
2019-02-27 22:01:43.533 [main] INFO  o.a.c.core.ContainerBase.[Tomcat].[localhost].[/] - Initializing Spring embedded WebApplicationContext
2019-02-27 22:01:43.597 [main] INFO  org.springframework.web.context.ContextLoader - Root WebApplicationContext: initialization completed in 8981 ms
2019-02-27 22:01:56.744 [main] INFO  o.s.scheduling.concurrent.ThreadPoolTaskExecutor - Initializing ExecutorService 'applicationTaskExecutor'
2019-02-27 22:01:57.211 [main] INFO  o.s.b.a.web.servlet.WelcomePageHandlerMapping - Adding welcome page: class path resource [static/index.html]
2019-02-27 22:01:57.971 [main] INFO  o.s.security.web.DefaultSecurityFilterChain - Creating filter chain: any request, [org.springframework.security.web.context.request.async.WebAsyncManagerIntegrationFilter@101ca8da, org.springframework.security.web.context.SecurityContextPersistenceFilter@5f05c8d6, org.springframework.security.web.header.HeaderWriterFilter@4cad79bc, org.springframework.security.web.authentication.logout.LogoutFilter@31b82e0f, cn.cumtmaker.maker.filter.ValidateCodeFilter@20a967fe, org.springframework.security.web.authentication.UsernamePasswordAuthenticationFilter@36e43829, org.springframework.security.web.authentication.ui.DefaultLoginPageGeneratingFilter@69d3cf7e, org.springframework.security.web.authentication.ui.DefaultLogoutPageGeneratingFilter@405b6d75, cn.cumtmaker.maker.filter.JWTAuthenticationFilter@682abca7, org.springframework.security.web.savedrequest.RequestCacheAwareFilter@64942607, org.springframework.security.web.servletapi.SecurityContextHolderAwareRequestFilter@497d4c96, org.springframework.security.web.authentication.AnonymousAuthenticationFilter@1d858300, org.springframework.security.web.session.SessionManagementFilter@7a9eccc4, org.springframework.security.web.access.ExceptionTranslationFilter@13c8ac77, org.springframework.security.web.access.intercept.FilterSecurityInterceptor@7980cf2c]
2019-02-27 22:01:58.139 [main] INFO  s.d.s.web.plugins.DocumentationPluginsBootstrapper - Context refreshed
2019-02-27 22:01:58.206 [main] INFO  s.d.s.web.plugins.DocumentationPluginsBootstrapper - Found 1 custom documentation plugin(s)
2019-02-27 22:01:58.268 [main] INFO  s.d.spring.web.scanners.ApiListingReferenceScanner - Scanning for api listing references
2019-02-27 22:02:00.049 [main] INFO  s.d.s.w.r.operation.CachingOperationNameGenerator - Generating unique operation named: insertOrderUsingPOST_1
2019-02-27 22:02:00.277 [main] INFO  s.d.s.w.r.operation.CachingOperationNameGenerator - Generating unique operation named: getAllUsingGET_1
2019-02-27 22:02:00.372 [main] INFO  s.d.s.w.r.operation.CachingOperationNameGenerator - Generating unique operation named: getAllUsingGET_2
2019-02-27 22:02:00.742 [main] INFO  s.d.s.w.r.operation.CachingOperationNameGenerator - Generating unique operation named: resetPasswordUsingPOST_1
2019-02-27 22:02:00.771 [main] INFO  s.d.s.w.r.operation.CachingOperationNameGenerator - Generating unique operation named: setMakerSignUpInfoUsingPOST_1
2019-02-27 22:02:00.788 [main] INFO  s.d.s.w.r.operation.CachingOperationNameGenerator - Generating unique operation named: setUserSignUpInfoUsingPOST_1
2019-02-27 22:02:00.797 [main] INFO  s.d.s.w.r.operation.CachingOperationNameGenerator - Generating unique operation named: signUpUsingPOST_1
2019-02-27 22:02:00.805 [main] INFO  s.d.s.w.r.operation.CachingOperationNameGenerator - Generating unique operation named: updateUserInfoUsingPOST_1
2019-02-27 22:02:00.935 [main] INFO  org.apache.coyote.http11.Http11NioProtocol - Starting ProtocolHandler ["http-nio-8090"]
2019-02-27 22:02:01.020 [main] INFO  org.apache.tomcat.util.net.NioSelectorPool - Using a shared selector for servlet write/read
2019-02-27 22:02:01.102 [main] INFO  o.s.boot.web.embedded.tomcat.TomcatWebServer - Tomcat started on port(s): 8090 (http) with context path ''
2019-02-27 22:02:01.117 [main] INFO  cn.cumtmaker.maker.MakerApplication - Started MakerApplication in 29.564 seconds (JVM running for 35.575)
2019-02-27 22:09:37.190 [main] INFO  cn.cumtmaker.maker.MakerApplication - Starting MakerApplication on LAPTOP-GP9QF5S2 with PID 8036 (C:\GitHub\maker\backend\maker\out\production\classes started by Feng in C:\GitHub\maker\backend\maker)
2019-02-27 22:09:37.431 [main] INFO  cn.cumtmaker.maker.MakerApplication - No active profile set, falling back to default profiles: default
2019-02-27 22:09:41.732 [main] INFO  o.s.c.s.PostProcessorRegistrationDelegate$BeanPostProcessorChecker - Bean 'org.springframework.transaction.annotation.ProxyTransactionManagementConfiguration' of type [org.springframework.transaction.annotation.ProxyTransactionManagementConfiguration$$EnhancerBySpringCGLIB$$8e07db42] is not eligible for getting processed by all BeanPostProcessors (for example: not eligible for auto-proxying)
2019-02-27 22:09:42.486 [main] INFO  o.s.boot.web.embedded.tomcat.TomcatWebServer - Tomcat initialized with port(s): 8090 (http)
2019-02-27 22:09:42.515 [main] INFO  org.apache.coyote.http11.Http11NioProtocol - Initializing ProtocolHandler ["http-nio-8090"]
2019-02-27 22:09:42.538 [main] INFO  org.apache.catalina.core.StandardService - Starting service [Tomcat]
2019-02-27 22:09:42.540 [main] INFO  org.apache.catalina.core.StandardEngine - Starting Servlet Engine: Apache Tomcat/9.0.13
2019-02-27 22:09:42.552 [main] INFO  org.apache.catalina.core.AprLifecycleListener - The APR based Apache Tomcat Native library which allows optimal performance in production environments was not found on the java.library.path: [C:\Program Files\Java\jdk1.8.0_181\bin;C:\WINDOWS\Sun\Java\bin;C:\WINDOWS\system32;C:\WINDOWS;C:\Program Files (x86)\Common Files\Oracle\Java\javapath;C:\ProgramData\Oracle\Java\javapath;C:\Program Files (x86)\Intel\iCLS Client\;C:\Program Files\Intel\iCLS Client\;C:\windows\system32;C:\windows;C:\windows\System32\Wbem;C:\windows\System32\WindowsPowerShell\v1.0\;C:\Program Files (x86)\NVIDIA Corporation\PhysX\Common;C:\Program Files (x86)\Intel\Intel(R) Management Engine Components\DAL;C:\Program Files\Intel\Intel(R) Management Engine Components\DAL;C:\Program Files (x86)\Intel\Intel(R) Management Engine Components\IPT;C:\Program Files\Intel\Intel(R) Management Engine Components\IPT;C:\WINDOWS\system32;C:\WINDOWS;C:\WINDOWS\System32\Wbem;C:\WINDOWS\System32\WindowsPowerShell\v1.0\;C:\Program Files\Intel\WiFi\bin\;C:\Program Files\Common Files\Intel\WirelessCommon\;C:\WINDOWS\System32\OpenSSH\;C:\Program Files\Java\apache-maven-3.5.4\bin;C:\Program Files\Java\jdk1.8.0_181\bin;C:\Program Files\MySQL\MySQL Utilities 1.6\;C:\gradle-4.9\bin;C:\Program Files\Java\jdk1.8.0_181\jre\bin;C:\vueProject\nodejs\;C:\Git\cmd;C:\Users\Feng\AppData\Local\Programs\Python\Python37\Scripts\;C:\Users\Feng\AppData\Local\Programs\Python\Python37\;C:\Ruby25-x64\bin;C:\Users\Feng\AppData\Local\Microsoft\WindowsApps;C:\Program Files\Intel\WiFi\bin\;C:\Program Files\Common Files\Intel\WirelessCommon\;C:\vueProject\nodejs\node_global;C:\Users\Feng\AppData\Local\GitHubDesktop\bin;C:\Users\Feng\AppData\Roaming\npm;.]
2019-02-27 22:09:42.939 [main] INFO  o.a.c.core.ContainerBase.[Tomcat].[localhost].[/] - Initializing Spring embedded WebApplicationContext
2019-02-27 22:09:42.939 [main] INFO  org.springframework.web.context.ContextLoader - Root WebApplicationContext: initialization completed in 5204 ms
2019-02-27 22:09:45.565 [main] INFO  o.s.scheduling.concurrent.ThreadPoolTaskExecutor - Initializing ExecutorService 'applicationTaskExecutor'
2019-02-27 22:09:46.288 [main] INFO  o.s.b.a.web.servlet.WelcomePageHandlerMapping - Adding welcome page: class path resource [static/index.html]
2019-02-27 22:09:46.853 [main] INFO  o.s.security.web.DefaultSecurityFilterChain - Creating filter chain: any request, [org.springframework.security.web.context.request.async.WebAsyncManagerIntegrationFilter@f9cab00, org.springframework.security.web.context.SecurityContextPersistenceFilter@45658133, org.springframework.security.web.header.HeaderWriterFilter@18b74ea, org.springframework.security.web.authentication.logout.LogoutFilter@6ff0b1cc, cn.cumtmaker.maker.filter.ValidateCodeFilter@10272bbb, org.springframework.security.web.authentication.UsernamePasswordAuthenticationFilter@51b77cdf, org.springframework.security.web.authentication.ui.DefaultLoginPageGeneratingFilter@3e1fd62b, org.springframework.security.web.authentication.ui.DefaultLogoutPageGeneratingFilter@36d33f4, cn.cumtmaker.maker.filter.JWTAuthenticationFilter@16736040, org.springframework.security.web.savedrequest.RequestCacheAwareFilter@67536ae0, org.springframework.security.web.servletapi.SecurityContextHolderAwareRequestFilter@6d67f5eb, org.springframework.security.web.authentication.AnonymousAuthenticationFilter@7c5d1d25, org.springframework.security.web.session.SessionManagementFilter@493da830, org.springframework.security.web.access.ExceptionTranslationFilter@14c93774, org.springframework.security.web.access.intercept.FilterSecurityInterceptor@1d06f16f]
2019-02-27 22:09:47.093 [main] INFO  s.d.s.web.plugins.DocumentationPluginsBootstrapper - Context refreshed
2019-02-27 22:09:47.135 [main] INFO  s.d.s.web.plugins.DocumentationPluginsBootstrapper - Found 1 custom documentation plugin(s)
2019-02-27 22:09:47.174 [main] INFO  s.d.spring.web.scanners.ApiListingReferenceScanner - Scanning for api listing references
2019-02-27 22:09:48.290 [main] INFO  s.d.s.w.r.operation.CachingOperationNameGenerator - Generating unique operation named: insertOrderUsingPOST_1
2019-02-27 22:09:48.922 [main] INFO  s.d.s.w.r.operation.CachingOperationNameGenerator - Generating unique operation named: getAllUsingGET_1
2019-02-27 22:09:49.059 [main] INFO  s.d.s.w.r.operation.CachingOperationNameGenerator - Generating unique operation named: getAllUsingGET_2
2019-02-27 22:09:49.321 [main] INFO  s.d.s.w.r.operation.CachingOperationNameGenerator - Generating unique operation named: resetPasswordUsingPOST_1
2019-02-27 22:09:49.335 [main] INFO  s.d.s.w.r.operation.CachingOperationNameGenerator - Generating unique operation named: setMakerSignUpInfoUsingPOST_1
2019-02-27 22:09:49.347 [main] INFO  s.d.s.w.r.operation.CachingOperationNameGenerator - Generating unique operation named: setUserSignUpInfoUsingPOST_1
2019-02-27 22:09:49.355 [main] INFO  s.d.s.w.r.operation.CachingOperationNameGenerator - Generating unique operation named: signUpUsingPOST_1
2019-02-27 22:09:49.363 [main] INFO  s.d.s.w.r.operation.CachingOperationNameGenerator - Generating unique operation named: updateUserInfoUsingPOST_1
2019-02-27 22:09:49.448 [main] INFO  org.apache.coyote.http11.Http11NioProtocol - Starting ProtocolHandler ["http-nio-8090"]
2019-02-27 22:09:49.474 [main] INFO  org.apache.tomcat.util.net.NioSelectorPool - Using a shared selector for servlet write/read
2019-02-27 22:09:49.515 [main] INFO  o.s.boot.web.embedded.tomcat.TomcatWebServer - Tomcat started on port(s): 8090 (http) with context path ''
2019-02-27 22:09:49.525 [main] INFO  cn.cumtmaker.maker.MakerApplication - Started MakerApplication in 15.926 seconds (JVM running for 18.354)
2019-02-27 22:09:55.655 [http-nio-8090-exec-3] INFO  o.a.c.core.ContainerBase.[Tomcat].[localhost].[/] - Initializing Spring DispatcherServlet 'dispatcherServlet'
2019-02-27 22:09:55.656 [http-nio-8090-exec-3] INFO  org.springframework.web.servlet.DispatcherServlet - Initializing Servlet 'dispatcherServlet'
2019-02-27 22:09:55.676 [http-nio-8090-exec-3] INFO  org.springframework.web.servlet.DispatcherServlet - Completed initialization in 20 ms
2019-02-27 22:09:57.197 [http-nio-8090-exec-2] INFO  cn.cumtmaker.maker.listener.OnLineCount - 【在线人数增加,人数:1】
2019-02-27 22:09:57.198 [http-nio-8090-exec-1] INFO  cn.cumtmaker.maker.listener.OnLineCount - 【在线人数增加,人数:2】
2019-02-27 22:09:57.198 [http-nio-8090-exec-3] INFO  cn.cumtmaker.maker.listener.OnLineCount - 【在线人数增加,人数:3】
2019-02-27 22:09:57.285 [http-nio-8090-exec-1] INFO  com.zaxxer.hikari.HikariDataSource - HikariPool-1 - Starting...
2019-02-27 22:09:57.566 [http-nio-8090-exec-1] INFO  com.zaxxer.hikari.HikariDataSource - HikariPool-1 - Start completed.
2019-02-27 22:12:14.540 [main] INFO  cn.cumtmaker.maker.MakerApplication - Starting MakerApplication on LAPTOP-GP9QF5S2 with PID 9732 (C:\GitHub\maker\backend\maker\out\production\classes started by Feng in C:\GitHub\maker\backend\maker)
2019-02-27 22:12:14.552 [main] INFO  cn.cumtmaker.maker.MakerApplication - No active profile set, falling back to default profiles: default
2019-02-27 22:12:18.194 [main] INFO  o.s.c.s.PostProcessorRegistrationDelegate$BeanPostProcessorChecker - Bean 'org.springframework.transaction.annotation.ProxyTransactionManagementConfiguration' of type [org.springframework.transaction.annotation.ProxyTransactionManagementConfiguration$$EnhancerBySpringCGLIB$$637374b9] is not eligible for getting processed by all BeanPostProcessors (for example: not eligible for auto-proxying)
2019-02-27 22:12:19.276 [main] INFO  o.s.boot.web.embedded.tomcat.TomcatWebServer - Tomcat initialized with port(s): 8090 (http)
2019-02-27 22:12:19.305 [main] INFO  org.apache.coyote.http11.Http11NioProtocol - Initializing ProtocolHandler ["http-nio-8090"]
2019-02-27 22:12:19.329 [main] INFO  org.apache.catalina.core.StandardService - Starting service [Tomcat]
2019-02-27 22:12:19.329 [main] INFO  org.apache.catalina.core.StandardEngine - Starting Servlet Engine: Apache Tomcat/9.0.13
2019-02-27 22:12:19.343 [main] INFO  org.apache.catalina.core.AprLifecycleListener - The APR based Apache Tomcat Native library which allows optimal performance in production environments was not found on the java.library.path: [C:\Program Files\Java\jdk1.8.0_181\bin;C:\WINDOWS\Sun\Java\bin;C:\WINDOWS\system32;C:\WINDOWS;C:\Program Files (x86)\Common Files\Oracle\Java\javapath;C:\ProgramData\Oracle\Java\javapath;C:\Program Files (x86)\Intel\iCLS Client\;C:\Program Files\Intel\iCLS Client\;C:\windows\system32;C:\windows;C:\windows\System32\Wbem;C:\windows\System32\WindowsPowerShell\v1.0\;C:\Program Files (x86)\NVIDIA Corporation\PhysX\Common;C:\Program Files (x86)\Intel\Intel(R) Management Engine Components\DAL;C:\Program Files\Intel\Intel(R) Management Engine Components\DAL;C:\Program Files (x86)\Intel\Intel(R) Management Engine Components\IPT;C:\Program Files\Intel\Intel(R) Management Engine Components\IPT;C:\WINDOWS\system32;C:\WINDOWS;C:\WINDOWS\System32\Wbem;C:\WINDOWS\System32\WindowsPowerShell\v1.0\;C:\Program Files\Intel\WiFi\bin\;C:\Program Files\Common Files\Intel\WirelessCommon\;C:\WINDOWS\System32\OpenSSH\;C:\Program Files\Java\apache-maven-3.5.4\bin;C:\Program Files\Java\jdk1.8.0_181\bin;C:\Program Files\MySQL\MySQL Utilities 1.6\;C:\gradle-4.9\bin;C:\Program Files\Java\jdk1.8.0_181\jre\bin;C:\vueProject\nodejs\;C:\Git\cmd;C:\Users\Feng\AppData\Local\Programs\Python\Python37\Scripts\;C:\Users\Feng\AppData\Local\Programs\Python\Python37\;C:\Ruby25-x64\bin;C:\Users\Feng\AppData\Local\Microsoft\WindowsApps;C:\Program Files\Intel\WiFi\bin\;C:\Program Files\Common Files\Intel\WirelessCommon\;C:\vueProject\nodejs\node_global;C:\Users\Feng\AppData\Local\GitHubDesktop\bin;C:\Users\Feng\AppData\Roaming\npm;.]
2019-02-27 22:12:19.732 [main] INFO  o.a.c.core.ContainerBase.[Tomcat].[localhost].[/] - Initializing Spring embedded WebApplicationContext
2019-02-27 22:12:19.732 [main] INFO  org.springframework.web.context.ContextLoader - Root WebApplicationContext: initialization completed in 5032 ms
2019-02-27 22:12:21.822 [main] INFO  o.s.scheduling.concurrent.ThreadPoolTaskExecutor - Initializing ExecutorService 'applicationTaskExecutor'
2019-02-27 22:12:22.021 [main] INFO  o.s.b.a.web.servlet.WelcomePageHandlerMapping - Adding welcome page: class path resource [static/index.html]
2019-02-27 22:12:22.407 [main] INFO  o.s.security.web.DefaultSecurityFilterChain - Creating filter chain: any request, [org.springframework.security.web.context.request.async.WebAsyncManagerIntegrationFilter@32eae6f2, org.springframework.security.web.context.SecurityContextPersistenceFilter@111d5c97, org.springframework.security.web.header.HeaderWriterFilter@6413d7e7, org.springframework.security.web.authentication.logout.LogoutFilter@45ab3bdd, cn.cumtmaker.maker.filter.ValidateCodeFilter@26ca61bf, org.springframework.security.web.authentication.UsernamePasswordAuthenticationFilter@28a9494b, org.springframework.security.web.authentication.ui.DefaultLoginPageGeneratingFilter@2262d6d5, org.springframework.security.web.authentication.ui.DefaultLogoutPageGeneratingFilter@73a0f2b, cn.cumtmaker.maker.filter.JWTAuthenticationFilter@fa5f81c, org.springframework.security.web.savedrequest.RequestCacheAwareFilter@250a9031, org.springframework.security.web.servletapi.SecurityContextHolderAwareRequestFilter@7efa3f63, org.springframework.security.web.authentication.AnonymousAuthenticationFilter@6a1d526c, org.springframework.security.web.session.SessionManagementFilter@17b37e9a, org.springframework.security.web.access.ExceptionTranslationFilter@430b2699, org.springframework.security.web.access.intercept.FilterSecurityInterceptor@65cf4d6d]
2019-02-27 22:12:22.539 [main] INFO  s.d.s.web.plugins.DocumentationPluginsBootstrapper - Context refreshed
2019-02-27 22:12:22.573 [main] INFO  s.d.s.web.plugins.DocumentationPluginsBootstrapper - Found 1 custom documentation plugin(s)
2019-02-27 22:12:22.606 [main] INFO  s.d.spring.web.scanners.ApiListingReferenceScanner - Scanning for api listing references
2019-02-27 22:12:23.282 [main] INFO  s.d.s.w.r.operation.CachingOperationNameGenerator - Generating unique operation named: insertOrderUsingPOST_1
2019-02-27 22:12:23.347 [main] INFO  s.d.s.w.r.operation.CachingOperationNameGenerator - Generating unique operation named: getAllUsingGET_1
2019-02-27 22:12:23.358 [main] INFO  s.d.s.w.r.operation.CachingOperationNameGenerator - Generating unique operation named: getAllUsingGET_2
2019-02-27 22:12:23.472 [main] INFO  s.d.s.w.r.operation.CachingOperationNameGenerator - Generating unique operation named: resetPasswordUsingPOST_1
2019-02-27 22:12:23.480 [main] INFO  s.d.s.w.r.operation.CachingOperationNameGenerator - Generating unique operation named: setMakerSignUpInfoUsingPOST_1
2019-02-27 22:12:23.488 [main] INFO  s.d.s.w.r.operation.CachingOperationNameGenerator - Generating unique operation named: setUserSignUpInfoUsingPOST_1
2019-02-27 22:12:23.497 [main] INFO  s.d.s.w.r.operation.CachingOperationNameGenerator - Generating unique operation named: signUpUsingPOST_1
2019-02-27 22:12:23.505 [main] INFO  s.d.s.w.r.operation.CachingOperationNameGenerator - Generating unique operation named: updateUserInfoUsingPOST_1
2019-02-27 22:12:23.558 [main] INFO  org.apache.coyote.http11.Http11NioProtocol - Starting ProtocolHandler ["http-nio-8090"]
2019-02-27 22:12:23.577 [main] INFO  org.apache.tomcat.util.net.NioSelectorPool - Using a shared selector for servlet write/read
2019-02-27 22:12:23.607 [main] INFO  o.s.boot.web.embedded.tomcat.TomcatWebServer - Tomcat started on port(s): 8090 (http) with context path ''
2019-02-27 22:12:23.612 [main] INFO  cn.cumtmaker.maker.MakerApplication - Started MakerApplication in 11.758 seconds (JVM running for 14.267)
2019-02-27 22:12:29.727 [http-nio-8090-exec-1] INFO  o.a.c.core.ContainerBase.[Tomcat].[localhost].[/] - Initializing Spring DispatcherServlet 'dispatcherServlet'
2019-02-27 22:12:29.728 [http-nio-8090-exec-1] INFO  org.springframework.web.servlet.DispatcherServlet - Initializing Servlet 'dispatcherServlet'
2019-02-27 22:12:29.746 [http-nio-8090-exec-1] INFO  org.springframework.web.servlet.DispatcherServlet - Completed initialization in 16 ms
2019-02-27 22:12:31.010 [http-nio-8090-exec-1] INFO  cn.cumtmaker.maker.listener.OnLineCount - 【在线人数增加,人数:1】
2019-02-27 22:12:31.080 [http-nio-8090-exec-1] INFO  com.zaxxer.hikari.HikariDataSource - HikariPool-1 - Starting...
2019-02-27 22:12:31.252 [http-nio-8090-exec-1] INFO  com.zaxxer.hikari.HikariDataSource - HikariPool-1 - Start completed.
2019-02-27 22:13:49.991 [http-nio-8090-exec-4] INFO  cn.cumtmaker.maker.service.impl.UserServiceImpl - 接收者 -- abcdefg@qq.com
2019-02-27 22:13:50.515 [http-nio-8090-exec-4] INFO  cn.cumtmaker.maker.service.impl.PaymentServiceImpl - 商品ID为1的商品此次售出1件
2019-02-27 22:13:50.516 [http-nio-8090-exec-4] INFO  cn.cumtmaker.maker.service.impl.PaymentServiceImpl - 商品ID为1的商品总售出1件
2019-02-27 22:13:50.516 [http-nio-8090-exec-4] INFO  cn.cumtmaker.maker.service.impl.PaymentServiceImpl - 商品ID为1的商品实时库存为14件
2019-02-27 22:13:50.520 [http-nio-8090-exec-4] INFO  cn.cumtmaker.maker.service.impl.PaymentServiceImpl - 商品ID为2的商品此次售出2件
2019-02-27 22:13:50.520 [http-nio-8090-exec-4] INFO  cn.cumtmaker.maker.service.impl.PaymentServiceImpl - 商品ID为2的商品总售出2件
2019-02-27 22:13:50.521 [http-nio-8090-exec-4] INFO  cn.cumtmaker.maker.service.impl.PaymentServiceImpl - 商品ID为2的商品实时库存为109件
2019-02-27 22:14:07.199 [http-nio-8090-exec-6] INFO  cn.cumtmaker.maker.service.impl.UserServiceImpl - 接收者 -- abcdefg@qq.com
2019-02-27 22:14:07.556 [http-nio-8090-exec-6] INFO  cn.cumtmaker.maker.service.impl.PaymentServiceImpl - 商品ID为1的商品此次售出1件
2019-02-27 22:14:07.556 [http-nio-8090-exec-6] INFO  cn.cumtmaker.maker.service.impl.PaymentServiceImpl - 商品ID为1的商品总售出2件
2019-02-27 22:14:07.557 [http-nio-8090-exec-6] INFO  cn.cumtmaker.maker.service.impl.PaymentServiceImpl - 商品ID为1的商品实时库存为13件
2019-02-27 22:14:07.562 [http-nio-8090-exec-6] INFO  cn.cumtmaker.maker.service.impl.PaymentServiceImpl - 商品ID为2的商品此次售出2件
2019-02-27 22:14:07.562 [http-nio-8090-exec-6] INFO  cn.cumtmaker.maker.service.impl.PaymentServiceImpl - 商品ID为2的商品总售出4件
2019-02-27 22:14:07.563 [http-nio-8090-exec-6] INFO  cn.cumtmaker.maker.service.impl.PaymentServiceImpl - 商品ID为2的商品实时库存为107件
2019-02-27 22:17:50.485 [main] INFO  cn.cumtmaker.maker.MakerApplication - Starting MakerApplication on LAPTOP-GP9QF5S2 with PID 17136 (C:\GitHub\maker\backend\maker\out\production\classes started by Feng in C:\GitHub\maker\backend\maker)
2019-02-27 22:17:50.497 [main] INFO  cn.cumtmaker.maker.MakerApplication - No active profile set, falling back to default profiles: default
2019-02-27 22:17:55.380 [main] INFO  o.s.c.s.PostProcessorRegistrationDelegate$BeanPostProcessorChecker - Bean 'org.springframework.transaction.annotation.ProxyTransactionManagementConfiguration' of type [org.springframework.transaction.annotation.ProxyTransactionManagementConfiguration$$EnhancerBySpringCGLIB$$a9f0fef3] is not eligible for getting processed by all BeanPostProcessors (for example: not eligible for auto-proxying)
2019-02-27 22:17:56.118 [main] INFO  o.s.boot.web.embedded.tomcat.TomcatWebServer - Tomcat initialized with port(s): 8090 (http)
2019-02-27 22:17:56.145 [main] INFO  org.apache.coyote.http11.Http11NioProtocol - Initializing ProtocolHandler ["http-nio-8090"]
2019-02-27 22:17:56.164 [main] INFO  org.apache.catalina.core.StandardService - Starting service [Tomcat]
2019-02-27 22:17:56.164 [main] INFO  org.apache.catalina.core.StandardEngine - Starting Servlet Engine: Apache Tomcat/9.0.13
2019-02-27 22:17:56.177 [main] INFO  org.apache.catalina.core.AprLifecycleListener - The APR based Apache Tomcat Native library which allows optimal performance in production environments was not found on the java.library.path: [C:\Program Files\Java\jdk1.8.0_181\bin;C:\WINDOWS\Sun\Java\bin;C:\WINDOWS\system32;C:\WINDOWS;C:\Program Files (x86)\Common Files\Oracle\Java\javapath;C:\ProgramData\Oracle\Java\javapath;C:\Program Files (x86)\Intel\iCLS Client\;C:\Program Files\Intel\iCLS Client\;C:\windows\system32;C:\windows;C:\windows\System32\Wbem;C:\windows\System32\WindowsPowerShell\v1.0\;C:\Program Files (x86)\NVIDIA Corporation\PhysX\Common;C:\Program Files (x86)\Intel\Intel(R) Management Engine Components\DAL;C:\Program Files\Intel\Intel(R) Management Engine Components\DAL;C:\Program Files (x86)\Intel\Intel(R) Management Engine Components\IPT;C:\Program Files\Intel\Intel(R) Management Engine Components\IPT;C:\WINDOWS\system32;C:\WINDOWS;C:\WINDOWS\System32\Wbem;C:\WINDOWS\System32\WindowsPowerShell\v1.0\;C:\Program Files\Intel\WiFi\bin\;C:\Program Files\Common Files\Intel\WirelessCommon\;C:\WINDOWS\System32\OpenSSH\;C:\Program Files\Java\apache-maven-3.5.4\bin;C:\Program Files\Java\jdk1.8.0_181\bin;C:\Program Files\MySQL\MySQL Utilities 1.6\;C:\gradle-4.9\bin;C:\Program Files\Java\jdk1.8.0_181\jre\bin;C:\vueProject\nodejs\;C:\Git\cmd;C:\Users\Feng\AppData\Local\Programs\Python\Python37\Scripts\;C:\Users\Feng\AppData\Local\Programs\Python\Python37\;C:\Ruby25-x64\bin;C:\Users\Feng\AppData\Local\Microsoft\WindowsApps;C:\Program Files\Intel\WiFi\bin\;C:\Program Files\Common Files\Intel\WirelessCommon\;C:\vueProject\nodejs\node_global;C:\Users\Feng\AppData\Local\GitHubDesktop\bin;C:\Users\Feng\AppData\Roaming\npm;.]
2019-02-27 22:17:56.539 [main] INFO  o.a.c.core.ContainerBase.[Tomcat].[localhost].[/] - Initializing Spring embedded WebApplicationContext
2019-02-27 22:17:56.540 [main] INFO  org.springframework.web.context.ContextLoader - Root WebApplicationContext: initialization completed in 5620 ms
2019-02-27 22:17:59.630 [main] INFO  o.s.scheduling.concurrent.ThreadPoolTaskExecutor - Initializing ExecutorService 'applicationTaskExecutor'
2019-02-27 22:18:00.183 [main] INFO  o.s.b.a.web.servlet.WelcomePageHandlerMapping - Adding welcome page: class path resource [static/index.html]
2019-02-27 22:18:00.641 [main] INFO  o.s.security.web.DefaultSecurityFilterChain - Creating filter chain: any request, [org.springframework.security.web.context.request.async.WebAsyncManagerIntegrationFilter@787508ca, org.springframework.security.web.context.SecurityContextPersistenceFilter@502a4156, org.springframework.security.web.header.HeaderWriterFilter@28a9494b, org.springframework.security.web.authentication.logout.LogoutFilter@e784320, cn.cumtmaker.maker.filter.ValidateCodeFilter@3d24420b, org.springframework.security.web.authentication.UsernamePasswordAuthenticationFilter@4cad79bc, org.springframework.security.web.authentication.ui.DefaultLoginPageGeneratingFilter@696db620, org.springframework.security.web.authentication.ui.DefaultLogoutPageGeneratingFilter@6274670b, cn.cumtmaker.maker.filter.JWTAuthenticationFilter@53ce2392, org.springframework.security.web.savedrequest.RequestCacheAwareFilter@64e1377c, org.springframework.security.web.servletapi.SecurityContextHolderAwareRequestFilter@798dad3d, org.springframework.security.web.authentication.AnonymousAuthenticationFilter@32d5279, org.springframework.security.web.session.SessionManagementFilter@1163a27, org.springframework.security.web.access.ExceptionTranslationFilter@1642eeae, org.springframework.security.web.access.intercept.FilterSecurityInterceptor@796f632b]
2019-02-27 22:18:01.363 [main] INFO  s.d.s.web.plugins.DocumentationPluginsBootstrapper - Context refreshed
2019-02-27 22:18:01.555 [main] INFO  s.d.s.web.plugins.DocumentationPluginsBootstrapper - Found 1 custom documentation plugin(s)
2019-02-27 22:18:01.609 [main] INFO  s.d.spring.web.scanners.ApiListingReferenceScanner - Scanning for api listing references
2019-02-27 22:18:07.711 [main] INFO  s.d.s.w.r.operation.CachingOperationNameGenerator - Generating unique operation named: insertOrderUsingPOST_1
2019-02-27 22:18:07.770 [main] INFO  s.d.s.w.r.operation.CachingOperationNameGenerator - Generating unique operation named: getAllUsingGET_1
2019-02-27 22:18:08.058 [main] INFO  s.d.s.w.r.operation.CachingOperationNameGenerator - Generating unique operation named: getAllUsingGET_2
2019-02-27 22:18:09.946 [main] INFO  s.d.s.w.r.operation.CachingOperationNameGenerator - Generating unique operation named: resetPasswordUsingPOST_1
2019-02-27 22:18:09.980 [main] INFO  s.d.s.w.r.operation.CachingOperationNameGenerator - Generating unique operation named: setMakerSignUpInfoUsingPOST_1
2019-02-27 22:18:09.990 [main] INFO  s.d.s.w.r.operation.CachingOperationNameGenerator - Generating unique operation named: setUserSignUpInfoUsingPOST_1
2019-02-27 22:18:10.000 [main] INFO  s.d.s.w.r.operation.CachingOperationNameGenerator - Generating unique operation named: signUpUsingPOST_1
2019-02-27 22:18:10.012 [main] INFO  s.d.s.w.r.operation.CachingOperationNameGenerator - Generating unique operation named: updateUserInfoUsingPOST_1
2019-02-27 22:18:10.211 [main] INFO  org.apache.coyote.http11.Http11NioProtocol - Starting ProtocolHandler ["http-nio-8090"]
2019-02-27 22:18:10.268 [main] INFO  org.apache.tomcat.util.net.NioSelectorPool - Using a shared selector for servlet write/read
2019-02-27 22:18:10.322 [main] INFO  o.s.boot.web.embedded.tomcat.TomcatWebServer - Tomcat started on port(s): 8090 (http) with context path ''
2019-02-27 22:18:10.336 [main] INFO  cn.cumtmaker.maker.MakerApplication - Started MakerApplication in 22.341 seconds (JVM running for 26.357)
2019-02-27 22:18:29.404 [http-nio-8090-exec-10] INFO  o.a.c.core.ContainerBase.[Tomcat].[localhost].[/] - Initializing Spring DispatcherServlet 'dispatcherServlet'
2019-02-27 22:18:29.405 [http-nio-8090-exec-10] INFO  org.springframework.web.servlet.DispatcherServlet - Initializing Servlet 'dispatcherServlet'
2019-02-27 22:18:29.419 [http-nio-8090-exec-10] INFO  org.springframework.web.servlet.DispatcherServlet - Completed initialization in 14 ms
2019-02-27 22:18:30.816 [http-nio-8090-exec-9] INFO  cn.cumtmaker.maker.listener.OnLineCount - 【在线人数增加,人数:1】
2019-02-27 22:18:30.817 [http-nio-8090-exec-10] INFO  cn.cumtmaker.maker.listener.OnLineCount - 【在线人数增加,人数:2】
2019-02-27 22:18:30.900 [http-nio-8090-exec-9] INFO  com.zaxxer.hikari.HikariDataSource - HikariPool-1 - Starting...
2019-02-27 22:18:31.093 [http-nio-8090-exec-9] INFO  com.zaxxer.hikari.HikariDataSource - HikariPool-1 - Start completed.
2019-02-27 22:18:31.254 [http-nio-8090-exec-9] INFO  cn.cumtmaker.maker.service.impl.UserServiceImpl - 邮件接收者 -- abcdefg@qq.com
2019-02-27 22:18:31.743 [http-nio-8090-exec-9] INFO  cn.cumtmaker.maker.service.impl.PaymentServiceImpl - ProductID为1的商品此次售出1件
2019-02-27 22:18:31.743 [http-nio-8090-exec-9] INFO  cn.cumtmaker.maker.service.impl.PaymentServiceImpl - ProductID为1的商品总售出1件
2019-02-27 22:18:31.744 [http-nio-8090-exec-9] INFO  cn.cumtmaker.maker.service.impl.PaymentServiceImpl - ProductID为1的商品实时库存为12件
2019-02-27 22:18:31.747 [http-nio-8090-exec-9] INFO  cn.cumtmaker.maker.service.impl.PaymentServiceImpl - ProductID为2的商品此次售出2件
2019-02-27 22:18:31.748 [http-nio-8090-exec-9] INFO  cn.cumtmaker.maker.service.impl.PaymentServiceImpl - ProductID为2的商品总售出2件
2019-02-27 22:18:31.748 [http-nio-8090-exec-9] INFO  cn.cumtmaker.maker.service.impl.PaymentServiceImpl - ProductID为2的商品实时库存为105件
2019-02-27 22:55:15.013 [main] INFO  cn.cumtmaker.maker.MakerApplication - Starting MakerApplication on LAPTOP-GP9QF5S2 with PID 2740 (C:\GitHub\maker\backend\maker\out\production\classes started by Feng in C:\GitHub\maker\backend\maker)
2019-02-27 22:55:15.019 [main] INFO  cn.cumtmaker.maker.MakerApplication - No active profile set, falling back to default profiles: default
2019-02-27 22:55:18.081 [main] INFO  o.s.c.s.PostProcessorRegistrationDelegate$BeanPostProcessorChecker - Bean 'org.springframework.transaction.annotation.ProxyTransactionManagementConfiguration' of type [org.springframework.transaction.annotation.ProxyTransactionManagementConfiguration$$EnhancerBySpringCGLIB$$cc6bebb7] is not eligible for getting processed by all BeanPostProcessors (for example: not eligible for auto-proxying)
2019-02-27 22:55:18.701 [main] INFO  o.s.boot.web.embedded.tomcat.TomcatWebServer - Tomcat initialized with port(s): 8090 (http)
2019-02-27 22:55:18.722 [main] INFO  org.apache.coyote.http11.Http11NioProtocol - Initializing ProtocolHandler ["http-nio-8090"]
2019-02-27 22:55:18.732 [main] INFO  org.apache.catalina.core.StandardService - Starting service [Tomcat]
2019-02-27 22:55:18.733 [main] INFO  org.apache.catalina.core.StandardEngine - Starting Servlet Engine: Apache Tomcat/9.0.13
2019-02-27 22:55:18.742 [main] INFO  org.apache.catalina.core.AprLifecycleListener - The APR based Apache Tomcat Native library which allows optimal performance in production environments was not found on the java.library.path: [C:\Program Files\Java\jdk1.8.0_181\bin;C:\WINDOWS\Sun\Java\bin;C:\WINDOWS\system32;C:\WINDOWS;C:\Program Files (x86)\Common Files\Oracle\Java\javapath;C:\ProgramData\Oracle\Java\javapath;C:\Program Files (x86)\Intel\iCLS Client\;C:\Program Files\Intel\iCLS Client\;C:\windows\system32;C:\windows;C:\windows\System32\Wbem;C:\windows\System32\WindowsPowerShell\v1.0\;C:\Program Files (x86)\NVIDIA Corporation\PhysX\Common;C:\Program Files (x86)\Intel\Intel(R) Management Engine Components\DAL;C:\Program Files\Intel\Intel(R) Management Engine Components\DAL;C:\Program Files (x86)\Intel\Intel(R) Management Engine Components\IPT;C:\Program Files\Intel\Intel(R) Management Engine Components\IPT;C:\WINDOWS\system32;C:\WINDOWS;C:\WINDOWS\System32\Wbem;C:\WINDOWS\System32\WindowsPowerShell\v1.0\;C:\Program Files\Intel\WiFi\bin\;C:\Program Files\Common Files\Intel\WirelessCommon\;C:\WINDOWS\System32\OpenSSH\;C:\Program Files\Java\apache-maven-3.5.4\bin;C:\Program Files\Java\jdk1.8.0_181\bin;C:\Program Files\MySQL\MySQL Utilities 1.6\;C:\gradle-4.9\bin;C:\Program Files\Java\jdk1.8.0_181\jre\bin;C:\vueProject\nodejs\;C:\Git\cmd;C:\Users\Feng\AppData\Local\Programs\Python\Python37\Scripts\;C:\Users\Feng\AppData\Local\Programs\Python\Python37\;C:\Ruby25-x64\bin;C:\Users\Feng\AppData\Local\Microsoft\WindowsApps;C:\Program Files\Intel\WiFi\bin\;C:\Program Files\Common Files\Intel\WirelessCommon\;C:\vueProject\nodejs\node_global;C:\Users\Feng\AppData\Local\GitHubDesktop\bin;C:\Users\Feng\AppData\Roaming\npm;.]
2019-02-27 22:55:19.031 [main] INFO  o.a.c.core.ContainerBase.[Tomcat].[localhost].[/] - Initializing Spring embedded WebApplicationContext
2019-02-27 22:55:19.032 [main] INFO  org.springframework.web.context.ContextLoader - Root WebApplicationContext: initialization completed in 3806 ms
2019-02-27 22:55:20.641 [main] INFO  o.s.scheduling.concurrent.ThreadPoolTaskExecutor - Initializing ExecutorService 'applicationTaskExecutor'
2019-02-27 22:55:20.782 [main] INFO  o.s.b.a.web.servlet.WelcomePageHandlerMapping - Adding welcome page: class path resource [static/index.html]
2019-02-27 22:55:21.089 [main] INFO  o.s.security.web.DefaultSecurityFilterChain - Creating filter chain: any request, [org.springframework.security.web.context.request.async.WebAsyncManagerIntegrationFilter@1c067c0d, org.springframework.security.web.context.SecurityContextPersistenceFilter@6a1ef65c, org.springframework.security.web.header.HeaderWriterFilter@5416f8db, org.springframework.security.web.authentication.logout.LogoutFilter@2c63762b, cn.cumtmaker.maker.filter.ValidateCodeFilter@5d0b0cb9, org.springframework.security.web.authentication.UsernamePasswordAuthenticationFilter@68e02f33, org.springframework.security.web.authentication.ui.DefaultLoginPageGeneratingFilter@2ceee4b6, org.springframework.security.web.authentication.ui.DefaultLogoutPageGeneratingFilter@7f7b6639, cn.cumtmaker.maker.filter.JWTAuthenticationFilter@16ac5d35, org.springframework.security.web.savedrequest.RequestCacheAwareFilter@726934e2, org.springframework.security.web.servletapi.SecurityContextHolderAwareRequestFilter@77f991c, org.springframework.security.web.authentication.AnonymousAuthenticationFilter@3965bdf9, org.springframework.security.web.session.SessionManagementFilter@b0fd744, org.springframework.security.web.access.ExceptionTranslationFilter@322ba549, org.springframework.security.web.access.intercept.FilterSecurityInterceptor@233db8e9]
2019-02-27 22:55:21.165 [main] INFO  s.d.s.web.plugins.DocumentationPluginsBootstrapper - Context refreshed
2019-02-27 22:55:21.190 [main] INFO  s.d.s.web.plugins.DocumentationPluginsBootstrapper - Found 1 custom documentation plugin(s)
2019-02-27 22:55:21.213 [main] INFO  s.d.spring.web.scanners.ApiListingReferenceScanner - Scanning for api listing references
2019-02-27 22:55:21.688 [main] INFO  s.d.s.w.r.operation.CachingOperationNameGenerator - Generating unique operation named: insertOrderUsingPOST_1
2019-02-27 22:55:21.733 [main] INFO  s.d.s.w.r.operation.CachingOperationNameGenerator - Generating unique operation named: getAllUsingGET_1
2019-02-27 22:55:21.741 [main] INFO  s.d.s.w.r.operation.CachingOperationNameGenerator - Generating unique operation named: getAllUsingGET_2
2019-02-27 22:55:21.823 [main] INFO  s.d.s.w.r.operation.CachingOperationNameGenerator - Generating unique operation named: resetPasswordUsingPOST_1
2019-02-27 22:55:21.828 [main] INFO  s.d.s.w.r.operation.CachingOperationNameGenerator - Generating unique operation named: setMakerSignUpInfoUsingPOST_1
2019-02-27 22:55:21.833 [main] INFO  s.d.s.w.r.operation.CachingOperationNameGenerator - Generating unique operation named: setUserSignUpInfoUsingPOST_1
2019-02-27 22:55:21.838 [main] INFO  s.d.s.w.r.operation.CachingOperationNameGenerator - Generating unique operation named: signUpUsingPOST_1
2019-02-27 22:55:21.844 [main] INFO  s.d.s.w.r.operation.CachingOperationNameGenerator - Generating unique operation named: updateUserInfoUsingPOST_1
2019-02-27 22:55:21.883 [main] INFO  org.apache.coyote.http11.Http11NioProtocol - Starting ProtocolHandler ["http-nio-8090"]
2019-02-27 22:55:21.899 [main] INFO  org.apache.tomcat.util.net.NioSelectorPool - Using a shared selector for servlet write/read
2019-02-27 22:55:21.940 [main] INFO  o.s.boot.web.embedded.tomcat.TomcatWebServer - Tomcat started on port(s): 8090 (http) with context path ''
2019-02-27 22:55:21.948 [main] INFO  cn.cumtmaker.maker.MakerApplication - Started MakerApplication in 8.341 seconds (JVM running for 10.957)
2019-02-27 22:55:49.483 [http-nio-8090-exec-1] INFO  o.a.c.core.ContainerBase.[Tomcat].[localhost].[/] - Initializing Spring DispatcherServlet 'dispatcherServlet'
2019-02-27 22:55:49.484 [http-nio-8090-exec-1] INFO  org.springframework.web.servlet.DispatcherServlet - Initializing Servlet 'dispatcherServlet'
2019-02-27 22:55:49.502 [http-nio-8090-exec-1] INFO  org.springframework.web.servlet.DispatcherServlet - Completed initialization in 17 ms
2019-02-27 22:55:49.597 [http-nio-8090-exec-1] INFO  cn.cumtmaker.maker.listener.OnLineCount - 【在线人数增加,人数:1】
2019-02-27 22:55:55.646 [http-nio-8090-exec-2] INFO  com.zaxxer.hikari.HikariDataSource - HikariPool-1 - Starting...
2019-02-27 22:55:55.822 [http-nio-8090-exec-2] INFO  com.zaxxer.hikari.HikariDataSource - HikariPool-1 - Start completed.
2019-02-27 22:55:55.879 [http-nio-8090-exec-2] INFO  cn.cumtmaker.maker.security.MyUserDetailsService - 用户名为test的USER用户尝试登录
2019-02-27 22:55:56.026 [http-nio-8090-exec-2] INFO  c.c.m.s.a.authenticationSuccessHandler - 用户test登录成功
2019-02-27 23:01:20.581 [http-nio-8090-exec-3] INFO  cn.cumtmaker.maker.security.MyUserDetailsService - 用户名为test的USER用户尝试登录
2019-02-27 23:01:20.712 [http-nio-8090-exec-3] INFO  c.c.m.s.a.authenticationSuccessHandler - 用户test登录成功
2019-02-27 23:01:20.717 [http-nio-8090-exec-3] INFO  cn.cumtmaker.maker.listener.OnLineCount - 【在线人数增加,人数:2】
2019-02-27 23:05:34.455 [http-nio-8090-exec-1] INFO  cn.cumtmaker.maker.security.MyUserDetailsService - 用户名为test的USER用户尝试登录
2019-02-27 23:05:34.593 [http-nio-8090-exec-1] INFO  c.c.m.s.a.authenticationSuccessHandler - 用户test登录成功
2019-02-27 23:17:12.200 [main] INFO  cn.cumtmaker.maker.MakerApplication - Starting MakerApplication on LAPTOP-GP9QF5S2 with PID 14820 (C:\GitHub\maker\backend\maker\out\production\classes started by Feng in C:\GitHub\maker\backend\maker)
2019-02-27 23:17:12.209 [main] INFO  cn.cumtmaker.maker.MakerApplication - No active profile set, falling back to default profiles: default
2019-02-27 23:17:15.619 [main] INFO  o.s.c.s.PostProcessorRegistrationDelegate$BeanPostProcessorChecker - Bean 'org.springframework.transaction.annotation.ProxyTransactionManagementConfiguration' of type [org.springframework.transaction.annotation.ProxyTransactionManagementConfiguration$$EnhancerBySpringCGLIB$$27c01b8c] is not eligible for getting processed by all BeanPostProcessors (for example: not eligible for auto-proxying)
2019-02-27 23:17:16.221 [main] INFO  o.s.boot.web.embedded.tomcat.TomcatWebServer - Tomcat initialized with port(s): 8090 (http)
2019-02-27 23:17:16.246 [main] INFO  org.apache.coyote.http11.Http11NioProtocol - Initializing ProtocolHandler ["http-nio-8090"]
2019-02-27 23:17:16.263 [main] INFO  org.apache.catalina.core.StandardService - Starting service [Tomcat]
2019-02-27 23:17:16.263 [main] INFO  org.apache.catalina.core.StandardEngine - Starting Servlet Engine: Apache Tomcat/9.0.13
2019-02-27 23:17:16.276 [main] INFO  org.apache.catalina.core.AprLifecycleListener - The APR based Apache Tomcat Native library which allows optimal performance in production environments was not found on the java.library.path: [C:\Program Files\Java\jdk1.8.0_181\bin;C:\WINDOWS\Sun\Java\bin;C:\WINDOWS\system32;C:\WINDOWS;C:\Program Files (x86)\Common Files\Oracle\Java\javapath;C:\ProgramData\Oracle\Java\javapath;C:\Program Files (x86)\Intel\iCLS Client\;C:\Program Files\Intel\iCLS Client\;C:\windows\system32;C:\windows;C:\windows\System32\Wbem;C:\windows\System32\WindowsPowerShell\v1.0\;C:\Program Files (x86)\NVIDIA Corporation\PhysX\Common;C:\Program Files (x86)\Intel\Intel(R) Management Engine Components\DAL;C:\Program Files\Intel\Intel(R) Management Engine Components\DAL;C:\Program Files (x86)\Intel\Intel(R) Management Engine Components\IPT;C:\Program Files\Intel\Intel(R) Management Engine Components\IPT;C:\WINDOWS\system32;C:\WINDOWS;C:\WINDOWS\System32\Wbem;C:\WINDOWS\System32\WindowsPowerShell\v1.0\;C:\Program Files\Intel\WiFi\bin\;C:\Program Files\Common Files\Intel\WirelessCommon\;C:\WINDOWS\System32\OpenSSH\;C:\Program Files\Java\apache-maven-3.5.4\bin;C:\Program Files\Java\jdk1.8.0_181\bin;C:\Program Files\MySQL\MySQL Utilities 1.6\;C:\gradle-4.9\bin;C:\Program Files\Java\jdk1.8.0_181\jre\bin;C:\vueProject\nodejs\;C:\Git\cmd;C:\Users\Feng\AppData\Local\Programs\Python\Python37\Scripts\;C:\Users\Feng\AppData\Local\Programs\Python\Python37\;C:\Ruby25-x64\bin;C:\Users\Feng\AppData\Local\Microsoft\WindowsApps;C:\Program Files\Intel\WiFi\bin\;C:\Program Files\Common Files\Intel\WirelessCommon\;C:\vueProject\nodejs\node_global;C:\Users\Feng\AppData\Local\GitHubDesktop\bin;C:\Users\Feng\AppData\Roaming\npm;.]
2019-02-27 23:17:16.625 [main] INFO  o.a.c.core.ContainerBase.[Tomcat].[localhost].[/] - Initializing Spring embedded WebApplicationContext
2019-02-27 23:17:16.625 [main] INFO  org.springframework.web.context.ContextLoader - Root WebApplicationContext: initialization completed in 4240 ms
2019-02-27 23:17:18.580 [main] INFO  o.s.scheduling.concurrent.ThreadPoolTaskExecutor - Initializing ExecutorService 'applicationTaskExecutor'
2019-02-27 23:17:18.755 [main] INFO  o.s.b.a.web.servlet.WelcomePageHandlerMapping - Adding welcome page: class path resource [static/index.html]
2019-02-27 23:17:19.070 [main] INFO  o.s.security.web.DefaultSecurityFilterChain - Creating filter chain: any request, [org.springframework.security.web.context.request.async.WebAsyncManagerIntegrationFilter@f29353f, org.springframework.security.web.context.SecurityContextPersistenceFilter@fa5f81c, org.springframework.security.web.header.HeaderWriterFilter@3f96f020, org.springframework.security.web.authentication.logout.LogoutFilter@233db8e9, cn.cumtmaker.maker.filter.ValidateCodeFilter@36f7d7b, org.springframework.security.web.authentication.UsernamePasswordAuthenticationFilter@2e13f304, org.springframework.security.web.authentication.ui.DefaultLoginPageGeneratingFilter@6d6d480c, org.springframework.security.web.authentication.ui.DefaultLogoutPageGeneratingFilter@60aec68a, cn.cumtmaker.maker.filter.JWTAuthenticationFilter@25a7fedf, org.springframework.security.web.savedrequest.RequestCacheAwareFilter@1f2f0109, org.springframework.security.web.servletapi.SecurityContextHolderAwareRequestFilter@66a5755, org.springframework.security.web.authentication.AnonymousAuthenticationFilter@6361b799, org.springframework.security.web.session.SessionManagementFilter@26ca61bf, org.springframework.security.web.access.ExceptionTranslationFilter@7c5d1d25, org.springframework.security.web.access.intercept.FilterSecurityInterceptor@5dcd0cdf]
2019-02-27 23:17:19.160 [main] INFO  s.d.s.web.plugins.DocumentationPluginsBootstrapper - Context refreshed
2019-02-27 23:17:19.188 [main] INFO  s.d.s.web.plugins.DocumentationPluginsBootstrapper - Found 1 custom documentation plugin(s)
2019-02-27 23:17:19.212 [main] INFO  s.d.spring.web.scanners.ApiListingReferenceScanner - Scanning for api listing references
2019-02-27 23:17:19.797 [main] INFO  s.d.s.w.r.operation.CachingOperationNameGenerator - Generating unique operation named: insertOrderUsingPOST_1
2019-02-27 23:17:19.862 [main] INFO  s.d.s.w.r.operation.CachingOperationNameGenerator - Generating unique operation named: getAllUsingGET_1
2019-02-27 23:17:19.876 [main] INFO  s.d.s.w.r.operation.CachingOperationNameGenerator - Generating unique operation named: getAllUsingGET_2
2019-02-27 23:17:19.988 [main] INFO  s.d.s.w.r.operation.CachingOperationNameGenerator - Generating unique operation named: resetPasswordUsingPOST_1
2019-02-27 23:17:19.995 [main] INFO  s.d.s.w.r.operation.CachingOperationNameGenerator - Generating unique operation named: setMakerSignUpInfoUsingPOST_1
2019-02-27 23:17:20.005 [main] INFO  s.d.s.w.r.operation.CachingOperationNameGenerator - Generating unique operation named: setUserSignUpInfoUsingPOST_1
2019-02-27 23:17:20.013 [main] INFO  s.d.s.w.r.operation.CachingOperationNameGenerator - Generating unique operation named: signUpUsingPOST_1
2019-02-27 23:17:20.021 [main] INFO  s.d.s.w.r.operation.CachingOperationNameGenerator - Generating unique operation named: updateUserInfoUsingPOST_1
2019-02-27 23:17:20.065 [main] INFO  org.apache.coyote.http11.Http11NioProtocol - Starting ProtocolHandler ["http-nio-8090"]
2019-02-27 23:17:20.081 [main] INFO  org.apache.tomcat.util.net.NioSelectorPool - Using a shared selector for servlet write/read
2019-02-27 23:17:20.112 [main] INFO  o.s.boot.web.embedded.tomcat.TomcatWebServer - Tomcat started on port(s): 8090 (http) with context path ''
2019-02-27 23:17:20.117 [main] INFO  cn.cumtmaker.maker.MakerApplication - Started MakerApplication in 9.503 seconds (JVM running for 11.699)
2019-02-27 23:17:24.961 [http-nio-8090-exec-1] INFO  o.a.c.core.ContainerBase.[Tomcat].[localhost].[/] - Initializing Spring DispatcherServlet 'dispatcherServlet'
2019-02-27 23:17:24.962 [http-nio-8090-exec-1] INFO  org.springframework.web.servlet.DispatcherServlet - Initializing Servlet 'dispatcherServlet'
2019-02-27 23:17:24.976 [http-nio-8090-exec-1] INFO  org.springframework.web.servlet.DispatcherServlet - Completed initialization in 14 ms
2019-02-27 23:17:25.048 [http-nio-8090-exec-1] INFO  cn.cumtmaker.maker.listener.OnLineCount - 【在线人数增加,人数:1】
2019-02-27 23:17:32.358 [http-nio-8090-exec-2] INFO  com.zaxxer.hikari.HikariDataSource - HikariPool-1 - Starting...
2019-02-27 23:17:32.558 [http-nio-8090-exec-2] INFO  com.zaxxer.hikari.HikariDataSource - HikariPool-1 - Start completed.
2019-02-27 23:17:32.635 [http-nio-8090-exec-2] INFO  cn.cumtmaker.maker.security.MyUserDetailsService - 用户名为test的USER用户尝试登录
2019-02-27 23:17:32.835 [http-nio-8090-exec-2] INFO  c.c.m.s.a.authenticationSuccessHandler - 用户test登录成功
2019-02-27 23:18:46.346 [main] INFO  cn.cumtmaker.maker.MakerApplication - Starting MakerApplication on LAPTOP-GP9QF5S2 with PID 4540 (C:\GitHub\maker\backend\maker\out\production\classes started by Feng in C:\GitHub\maker\backend\maker)
2019-02-27 23:18:46.354 [main] INFO  cn.cumtmaker.maker.MakerApplication - No active profile set, falling back to default profiles: default
2019-02-27 23:18:49.569 [main] INFO  o.s.c.s.PostProcessorRegistrationDelegate$BeanPostProcessorChecker - Bean 'org.springframework.transaction.annotation.ProxyTransactionManagementConfiguration' of type [org.springframework.transaction.annotation.ProxyTransactionManagementConfiguration$$EnhancerBySpringCGLIB$$5d3aba8a] is not eligible for getting processed by all BeanPostProcessors (for example: not eligible for auto-proxying)
2019-02-27 23:18:50.184 [main] INFO  o.s.boot.web.embedded.tomcat.TomcatWebServer - Tomcat initialized with port(s): 8090 (http)
2019-02-27 23:18:50.209 [main] INFO  org.apache.coyote.http11.Http11NioProtocol - Initializing ProtocolHandler ["http-nio-8090"]
2019-02-27 23:18:50.224 [main] INFO  org.apache.catalina.core.StandardService - Starting service [Tomcat]
2019-02-27 23:18:50.224 [main] INFO  org.apache.catalina.core.StandardEngine - Starting Servlet Engine: Apache Tomcat/9.0.13
2019-02-27 23:18:50.236 [main] INFO  org.apache.catalina.core.AprLifecycleListener - The APR based Apache Tomcat Native library which allows optimal performance in production environments was not found on the java.library.path: [C:\Program Files\Java\jdk1.8.0_181\bin;C:\WINDOWS\Sun\Java\bin;C:\WINDOWS\system32;C:\WINDOWS;C:\Program Files (x86)\Common Files\Oracle\Java\javapath;C:\ProgramData\Oracle\Java\javapath;C:\Program Files (x86)\Intel\iCLS Client\;C:\Program Files\Intel\iCLS Client\;C:\windows\system32;C:\windows;C:\windows\System32\Wbem;C:\windows\System32\WindowsPowerShell\v1.0\;C:\Program Files (x86)\NVIDIA Corporation\PhysX\Common;C:\Program Files (x86)\Intel\Intel(R) Management Engine Components\DAL;C:\Program Files\Intel\Intel(R) Management Engine Components\DAL;C:\Program Files (x86)\Intel\Intel(R) Management Engine Components\IPT;C:\Program Files\Intel\Intel(R) Management Engine Components\IPT;C:\WINDOWS\system32;C:\WINDOWS;C:\WINDOWS\System32\Wbem;C:\WINDOWS\System32\WindowsPowerShell\v1.0\;C:\Program Files\Intel\WiFi\bin\;C:\Program Files\Common Files\Intel\WirelessCommon\;C:\WINDOWS\System32\OpenSSH\;C:\Program Files\Java\apache-maven-3.5.4\bin;C:\Program Files\Java\jdk1.8.0_181\bin;C:\Program Files\MySQL\MySQL Utilities 1.6\;C:\gradle-4.9\bin;C:\Program Files\Java\jdk1.8.0_181\jre\bin;C:\vueProject\nodejs\;C:\Git\cmd;C:\Users\Feng\AppData\Local\Programs\Python\Python37\Scripts\;C:\Users\Feng\AppData\Local\Programs\Python\Python37\;C:\Ruby25-x64\bin;C:\Users\Feng\AppData\Local\Microsoft\WindowsApps;C:\Program Files\Intel\WiFi\bin\;C:\Program Files\Common Files\Intel\WirelessCommon\;C:\vueProject\nodejs\node_global;C:\Users\Feng\AppData\Local\GitHubDesktop\bin;C:\Users\Feng\AppData\Roaming\npm;.]
2019-02-27 23:18:50.577 [main] INFO  o.a.c.core.ContainerBase.[Tomcat].[localhost].[/] - Initializing Spring embedded WebApplicationContext
2019-02-27 23:18:50.578 [main] INFO  org.springframework.web.context.ContextLoader - Root WebApplicationContext: initialization completed in 4066 ms
2019-02-27 23:18:52.546 [main] INFO  o.s.scheduling.concurrent.ThreadPoolTaskExecutor - Initializing ExecutorService 'applicationTaskExecutor'
2019-02-27 23:18:52.709 [main] INFO  o.s.b.a.web.servlet.WelcomePageHandlerMapping - Adding welcome page: class path resource [static/index.html]
2019-02-27 23:18:53.055 [main] INFO  o.s.security.web.DefaultSecurityFilterChain - Creating filter chain: any request, [org.springframework.security.web.context.request.async.WebAsyncManagerIntegrationFilter@3d24420b, org.springframework.security.web.context.SecurityContextPersistenceFilter@5416f8db, org.springframework.security.web.header.HeaderWriterFilter@a09303, org.springframework.security.web.authentication.logout.LogoutFilter@3f6bf8aa, cn.cumtmaker.maker.filter.ValidateCodeFilter@6274670b, org.springframework.security.web.authentication.UsernamePasswordAuthenticationFilter@2c63762b, org.springframework.security.web.authentication.ui.DefaultLoginPageGeneratingFilter@6968c1d6, org.springframework.security.web.authentication.ui.DefaultLogoutPageGeneratingFilter@53ce2392, cn.cumtmaker.maker.filter.JWTAuthenticationFilter@32d5279, org.springframework.security.web.savedrequest.RequestCacheAwareFilter@b0fd744, org.springframework.security.web.servletapi.SecurityContextHolderAwareRequestFilter@27abb6ca, org.springframework.security.web.authentication.AnonymousAuthenticationFilter@1c067c0d, org.springframework.security.web.session.SessionManagementFilter@322ba549, org.springframework.security.web.access.ExceptionTranslationFilter@3440e9cd, org.springframework.security.web.access.intercept.FilterSecurityInterceptor@5d94a2dc]
2019-02-27 23:18:53.141 [main] INFO  s.d.s.web.plugins.DocumentationPluginsBootstrapper - Context refreshed
2019-02-27 23:18:53.168 [main] INFO  s.d.s.web.plugins.DocumentationPluginsBootstrapper - Found 1 custom documentation plugin(s)
2019-02-27 23:18:53.193 [main] INFO  s.d.spring.web.scanners.ApiListingReferenceScanner - Scanning for api listing references
2019-02-27 23:18:53.807 [main] INFO  s.d.s.w.r.operation.CachingOperationNameGenerator - Generating unique operation named: insertOrderUsingPOST_1
2019-02-27 23:18:53.859 [main] INFO  s.d.s.w.r.operation.CachingOperationNameGenerator - Generating unique operation named: getAllUsingGET_1
2019-02-27 23:18:53.870 [main] INFO  s.d.s.w.r.operation.CachingOperationNameGenerator - Generating unique operation named: getAllUsingGET_2
2019-02-27 23:18:53.971 [main] INFO  s.d.s.w.r.operation.CachingOperationNameGenerator - Generating unique operation named: resetPasswordUsingPOST_1
2019-02-27 23:18:53.976 [main] INFO  s.d.s.w.r.operation.CachingOperationNameGenerator - Generating unique operation named: setMakerSignUpInfoUsingPOST_1
2019-02-27 23:18:53.982 [main] INFO  s.d.s.w.r.operation.CachingOperationNameGenerator - Generating unique operation named: setUserSignUpInfoUsingPOST_1
2019-02-27 23:18:53.987 [main] INFO  s.d.s.w.r.operation.CachingOperationNameGenerator - Generating unique operation named: signUpUsingPOST_1
2019-02-27 23:18:53.994 [main] INFO  s.d.s.w.r.operation.CachingOperationNameGenerator - Generating unique operation named: updateUserInfoUsingPOST_1
2019-02-27 23:18:54.047 [main] INFO  org.apache.coyote.http11.Http11NioProtocol - Starting ProtocolHandler ["http-nio-8090"]
2019-02-27 23:18:54.063 [main] INFO  org.apache.tomcat.util.net.NioSelectorPool - Using a shared selector for servlet write/read
2019-02-27 23:18:54.098 [main] INFO  o.s.boot.web.embedded.tomcat.TomcatWebServer - Tomcat started on port(s): 8090 (http) with context path ''
2019-02-27 23:18:54.104 [main] INFO  cn.cumtmaker.maker.MakerApplication - Started MakerApplication in 9.524 seconds (JVM running for 11.903)
2019-02-27 23:19:15.054 [http-nio-8090-exec-1] INFO  o.a.c.core.ContainerBase.[Tomcat].[localhost].[/] - Initializing Spring DispatcherServlet 'dispatcherServlet'
2019-02-27 23:19:15.055 [http-nio-8090-exec-1] INFO  org.springframework.web.servlet.DispatcherServlet - Initializing Servlet 'dispatcherServlet'
2019-02-27 23:19:15.070 [http-nio-8090-exec-1] INFO  org.springframework.web.servlet.DispatcherServlet - Completed initialization in 14 ms
2019-02-27 23:19:15.138 [http-nio-8090-exec-1] INFO  cn.cumtmaker.maker.listener.OnLineCount - 【在线人数增加,人数:1】
2019-02-27 23:19:20.237 [http-nio-8090-exec-2] INFO  com.zaxxer.hikari.HikariDataSource - HikariPool-1 - Starting...
2019-02-27 23:19:20.440 [http-nio-8090-exec-2] INFO  com.zaxxer.hikari.HikariDataSource - HikariPool-1 - Start completed.
2019-02-27 23:19:20.510 [http-nio-8090-exec-2] INFO  cn.cumtmaker.maker.security.MyUserDetailsService - 用户名为test的USER用户尝试登录
2019-02-27 23:19:20.651 [http-nio-8090-exec-2] INFO  c.c.m.s.a.authenticationSuccessHandler - 用户test登录成功
2019-02-27 23:33:54.695 [main] INFO  cn.cumtmaker.maker.MakerApplication - Starting MakerApplication on LAPTOP-GP9QF5S2 with PID 3592 (C:\GitHub\maker\backend\maker\out\production\classes started by Feng in C:\GitHub\maker\backend\maker)
2019-02-27 23:33:54.702 [main] INFO  cn.cumtmaker.maker.MakerApplication - No active profile set, falling back to default profiles: default
2019-02-27 23:33:57.758 [main] INFO  o.s.c.s.PostProcessorRegistrationDelegate$BeanPostProcessorChecker - Bean 'org.springframework.transaction.annotation.ProxyTransactionManagementConfiguration' of type [org.springframework.transaction.annotation.ProxyTransactionManagementConfiguration$$EnhancerBySpringCGLIB$$b0e8a1bb] is not eligible for getting processed by all BeanPostProcessors (for example: not eligible for auto-proxying)
2019-02-27 23:33:58.301 [main] INFO  o.s.boot.web.embedded.tomcat.TomcatWebServer - Tomcat initialized with port(s): 8090 (http)
2019-02-27 23:33:58.323 [main] INFO  org.apache.coyote.http11.Http11NioProtocol - Initializing ProtocolHandler ["http-nio-8090"]
2019-02-27 23:33:58.334 [main] INFO  org.apache.catalina.core.StandardService - Starting service [Tomcat]
2019-02-27 23:33:58.336 [main] INFO  org.apache.catalina.core.StandardEngine - Starting Servlet Engine: Apache Tomcat/9.0.13
2019-02-27 23:33:58.345 [main] INFO  org.apache.catalina.core.AprLifecycleListener - The APR based Apache Tomcat Native library which allows optimal performance in production environments was not found on the java.library.path: [C:\Program Files\Java\jdk1.8.0_181\bin;C:\WINDOWS\Sun\Java\bin;C:\WINDOWS\system32;C:\WINDOWS;C:\Program Files (x86)\Common Files\Oracle\Java\javapath;C:\ProgramData\Oracle\Java\javapath;C:\Program Files (x86)\Intel\iCLS Client\;C:\Program Files\Intel\iCLS Client\;C:\windows\system32;C:\windows;C:\windows\System32\Wbem;C:\windows\System32\WindowsPowerShell\v1.0\;C:\Program Files (x86)\NVIDIA Corporation\PhysX\Common;C:\Program Files (x86)\Intel\Intel(R) Management Engine Components\DAL;C:\Program Files\Intel\Intel(R) Management Engine Components\DAL;C:\Program Files (x86)\Intel\Intel(R) Management Engine Components\IPT;C:\Program Files\Intel\Intel(R) Management Engine Components\IPT;C:\WINDOWS\system32;C:\WINDOWS;C:\WINDOWS\System32\Wbem;C:\WINDOWS\System32\WindowsPowerShell\v1.0\;C:\Program Files\Intel\WiFi\bin\;C:\Program Files\Common Files\Intel\WirelessCommon\;C:\WINDOWS\System32\OpenSSH\;C:\Program Files\Java\apache-maven-3.5.4\bin;C:\Program Files\Java\jdk1.8.0_181\bin;C:\Program Files\MySQL\MySQL Utilities 1.6\;C:\gradle-4.9\bin;C:\Program Files\Java\jdk1.8.0_181\jre\bin;C:\vueProject\nodejs\;C:\Git\cmd;C:\Users\Feng\AppData\Local\Programs\Python\Python37\Scripts\;C:\Users\Feng\AppData\Local\Programs\Python\Python37\;C:\Ruby25-x64\bin;C:\Users\Feng\AppData\Local\Microsoft\WindowsApps;C:\Program Files\Intel\WiFi\bin\;C:\Program Files\Common Files\Intel\WirelessCommon\;C:\vueProject\nodejs\node_global;C:\Users\Feng\AppData\Local\GitHubDesktop\bin;C:\Users\Feng\AppData\Roaming\npm;.]
2019-02-27 23:33:58.635 [main] INFO  o.a.c.core.ContainerBase.[Tomcat].[localhost].[/] - Initializing Spring embedded WebApplicationContext
2019-02-27 23:33:58.635 [main] INFO  org.springframework.web.context.ContextLoader - Root WebApplicationContext: initialization completed in 3778 ms
2019-02-27 23:34:00.353 [main] INFO  o.s.scheduling.concurrent.ThreadPoolTaskExecutor - Initializing ExecutorService 'applicationTaskExecutor'
2019-02-27 23:34:00.514 [main] INFO  o.s.b.a.web.servlet.WelcomePageHandlerMapping - Adding welcome page: class path resource [static/index.html]
2019-02-27 23:34:00.830 [main] INFO  o.s.security.web.DefaultSecurityFilterChain - Creating filter chain: any request, [org.springframework.security.web.context.request.async.WebAsyncManagerIntegrationFilter@fa5f81c, org.springframework.security.web.context.SecurityContextPersistenceFilter@1665fa54, org.springframework.security.web.header.HeaderWriterFilter@6bcb12e6, org.springframework.security.web.authentication.logout.LogoutFilter@3440e9cd, cn.cumtmaker.maker.filter.ValidateCodeFilter@6a1d526c, org.springframework.security.web.authentication.UsernamePasswordAuthenticationFilter@322ba549, org.springframework.security.web.authentication.ui.DefaultLoginPageGeneratingFilter@3b55dd15, org.springframework.security.web.authentication.ui.DefaultLogoutPageGeneratingFilter@1f2f0109, cn.cumtmaker.maker.filter.JWTAuthenticationFilter@483b0690, org.springframework.security.web.savedrequest.RequestCacheAwareFilter@4f654cee, org.springframework.security.web.servletapi.SecurityContextHolderAwareRequestFilter@40de8f93, org.springframework.security.web.authentication.AnonymousAuthenticationFilter@687e6293, org.springframework.security.web.session.SessionManagementFilter@29c17c3d, org.springframework.security.web.access.ExceptionTranslationFilter@d16be4f, org.springframework.security.web.access.intercept.FilterSecurityInterceptor@f9cab00]
2019-02-27 23:34:00.913 [main] INFO  s.d.s.web.plugins.DocumentationPluginsBootstrapper - Context refreshed
2019-02-27 23:34:00.940 [main] INFO  s.d.s.web.plugins.DocumentationPluginsBootstrapper - Found 1 custom documentation plugin(s)
2019-02-27 23:34:00.972 [main] INFO  s.d.spring.web.scanners.ApiListingReferenceScanner - Scanning for api listing references
2019-02-27 23:34:01.524 [main] INFO  s.d.s.w.r.operation.CachingOperationNameGenerator - Generating unique operation named: insertOrderUsingPOST_1
2019-02-27 23:34:01.575 [main] INFO  s.d.s.w.r.operation.CachingOperationNameGenerator - Generating unique operation named: getAllUsingGET_1
2019-02-27 23:34:01.585 [main] INFO  s.d.s.w.r.operation.CachingOperationNameGenerator - Generating unique operation named: getAllUsingGET_2
2019-02-27 23:34:01.684 [main] INFO  s.d.s.w.r.operation.CachingOperationNameGenerator - Generating unique operation named: resetPasswordUsingPOST_1
2019-02-27 23:34:01.690 [main] INFO  s.d.s.w.r.operation.CachingOperationNameGenerator - Generating unique operation named: setMakerSignUpInfoUsingPOST_1
2019-02-27 23:34:01.696 [main] INFO  s.d.s.w.r.operation.CachingOperationNameGenerator - Generating unique operation named: setUserSignUpInfoUsingPOST_1
2019-02-27 23:34:01.705 [main] INFO  s.d.s.w.r.operation.CachingOperationNameGenerator - Generating unique operation named: signUpUsingPOST_1
2019-02-27 23:34:01.711 [main] INFO  s.d.s.w.r.operation.CachingOperationNameGenerator - Generating unique operation named: updateUserInfoUsingPOST_1
2019-02-27 23:34:01.765 [main] INFO  org.apache.coyote.http11.Http11NioProtocol - Starting ProtocolHandler ["http-nio-8090"]
2019-02-27 23:34:01.785 [main] INFO  org.apache.tomcat.util.net.NioSelectorPool - Using a shared selector for servlet write/read
2019-02-27 23:34:01.827 [main] INFO  o.s.boot.web.embedded.tomcat.TomcatWebServer - Tomcat started on port(s): 8090 (http) with context path ''
2019-02-27 23:34:01.832 [main] INFO  cn.cumtmaker.maker.MakerApplication - Started MakerApplication in 8.931 seconds (JVM running for 11.134)
2019-02-27 23:34:09.566 [http-nio-8090-exec-2] INFO  o.a.c.core.ContainerBase.[Tomcat].[localhost].[/] - Initializing Spring DispatcherServlet 'dispatcherServlet'
2019-02-27 23:34:09.567 [http-nio-8090-exec-2] INFO  org.springframework.web.servlet.DispatcherServlet - Initializing Servlet 'dispatcherServlet'
2019-02-27 23:34:09.596 [http-nio-8090-exec-2] INFO  org.springframework.web.servlet.DispatcherServlet - Completed initialization in 28 ms
2019-02-27 23:34:11.160 [http-nio-8090-exec-2] INFO  cn.cumtmaker.maker.listener.OnLineCount - 【在线人数增加,人数:1】
2019-02-27 23:34:11.161 [http-nio-8090-exec-1] INFO  cn.cumtmaker.maker.listener.OnLineCount - 【在线人数增加,人数:2】
2019-02-27 23:34:11.255 [http-nio-8090-exec-1] INFO  com.zaxxer.hikari.HikariDataSource - HikariPool-1 - Starting...
2019-02-27 23:34:11.452 [http-nio-8090-exec-1] INFO  com.zaxxer.hikari.HikariDataSource - HikariPool-1 - Start completed.
